#
# There is insufficient memory for the Java Runtime Environment to continue.
# Native memory allocation (mmap) failed to map 220200960 bytes for Failed to commit area from 0x000000008c700000 to 0x0000000099900000 of length 220200960.
# Possible reasons:
#   The system is out of physical RAM or swap space
#   The process is running with CompressedOops enabled, and the Java Heap may be blocking the growth of the native heap
# Possible solutions:
#   Reduce memory load on the system
#   Increase physical memory or swap space
#   Check if swap backing store is full
#   Decrease Java heap size (-Xmx/-Xms)
#   Decrease number of Java threads
#   Decrease Java thread stack sizes (-Xss)
#   Set larger code cache with -XX:ReservedCodeCacheSize=
#   JVM is running with Unscaled Compressed Oops mode in which the Java heap is
#     placed in the first 4GB address space. The Java Heap base address is the
#     maximum limit for the native heap growth. Please use -XX:HeapBaseMinAddress
#     to set the Java Heap base and to place the Java Heap above 4GB virtual address.
# This output file may be truncated or incomplete.
#
#  Out of Memory Error (src/hotspot/os/windows/os_windows.cpp:3627), pid=22544, tid=2412
#
# JRE version: OpenJDK Runtime Environment (11.0.15) (build 11.0.15+0-b2043.56-9505619)
# Java VM: OpenJDK 64-Bit Server VM (11.0.15+0-b2043.56-9505619, mixed mode, tiered, compressed oops, g1 gc, windows-amd64)
# No core dump will be written. Minidumps are not enabled by default on client versions of Windows
#

---------------  S U M M A R Y ------------

Command Line: -javaagent:C:\Program Files\Android\Android Studio\plugins\android\resources\trace_agent.jar=C:\Users\sutus\AppData\Local\Temp\sync.trace.profile --add-opens=java.base/java.util=ALL-UNNAMED --add-opens=java.base/java.lang=ALL-UNNAMED --add-opens=java.base/java.lang.invoke=ALL-UNNAMED --add-opens=java.base/java.util=ALL-UNNAMED --add-opens=java.prefs/java.util.prefs=ALL-UNNAMED --add-opens=java.prefs/java.util.prefs=ALL-UNNAMED --add-opens=java.base/java.nio.charset=ALL-UNNAMED --add-opens=java.base/java.net=ALL-UNNAMED --add-opens=java.base/java.util.concurrent.atomic=ALL-UNNAMED -Xmx2048m -Dfile.encoding=UTF-8 -Duser.country=HU -Duser.language=hu -Duser.variant org.gradle.launcher.daemon.bootstrap.GradleDaemon 7.5

Host: AMD Ryzen 5 2600X Six-Core Processor           , 12 cores, 7G,  Windows 10 , 64 bit Build 19041 (10.0.19041.2788)
Time: Sun May  7 18:53:07 2023 Közép-európai nyári iduild 19041 (10.0.19041.2788) elapsed time: 65.323184 seconds (0d 0h 1m 5s)

---------------  T H R E A D  ---------------

Current thread (0x0000028a36fd2800):  VMThread "VM Thread" [stack: 0x000000c5d1500000,0x000000c5d1600000] [id=2412]

Stack: [0x000000c5d1500000,0x000000c5d1600000]
[error occurred during error reporting (printing stack bounds), id 0xc0000005, EXCEPTION_ACCESS_VIOLATION (0xc0000005) at pc=0x0000028a2021112d]

Native frames: (J=compiled Java code, j=interpreted, Vv=VM code, C=native code)
V  [jvm.dll+0x64135a]
V  [jvm.dll+0x7d39f9]
V  [jvm.dll+0x7d51b9]
V  [jvm.dll+0x7d5805]
V  [jvm.dll+0x7d57bb]
V  [jvm.dll+0x640655]
V  [jvm.dll+0x640d68]
C  [ntdll.dll+0xa23df]
C  [ntdll.dll+0x514a4]
C  [ntdll.dll+0xa0f0e]
C  0x0000028a2021112d

VM_Operation (0x000000c5d0efbb80): G1CollectForAllocation, mode: safepoint, requested by thread 0x0000028a3aa35800


---------------  P R O C E S S  ---------------

Threads class SMR info:
_java_thread_list=0x0000028a3874cab0, length=186, elements={
0x0000028a1c6ea800, 0x0000028a36fd4800, 0x0000028a36fe2000, 0x0000028a36ff7800,
0x0000028a36ff8800, 0x0000028a36ffb000, 0x0000028a36ffc000, 0x0000028a3795a800,
0x0000028a3795d800, 0x0000028a37a77800, 0x0000028a382d2000, 0x0000028a3a934800,
0x0000028a39ec6000, 0x0000028a3be4d800, 0x0000028a3c038800, 0x0000028a3a02c000,
0x0000028a38674000, 0x0000028a3ba35000, 0x0000028a3c58a000, 0x0000028a3ab47800,
0x0000028a3ab4c000, 0x0000028a3ab4e000, 0x0000028a3ab4a800, 0x0000028a3ab4b800,
0x0000028a3ab4d000, 0x0000028a3ab49000, 0x0000028a3ab4a000, 0x0000028a3ab48000,
0x0000028a38f46800, 0x0000028a38f48800, 0x0000028a38f4a000, 0x0000028a38f49000,
0x0000028a38f47800, 0x0000028a38f4b800, 0x0000028a38f46000, 0x0000028a38f52000,
0x0000028a38f4c800, 0x0000028a38f4f000, 0x0000028a38f4d800, 0x0000028a38f53000,
0x0000028a38f4f800, 0x0000028a38f4e000, 0x0000028a38f50800, 0x0000028a38f51800,
0x0000028a3c9d2000, 0x0000028a3c9d3800, 0x0000028a3c9d4800, 0x0000028a3c9d1800,
0x0000028a3c9d5800, 0x0000028a3c9d8000, 0x0000028a3c9d3000, 0x0000028a3c9db000,
0x0000028a3c9d7000, 0x0000028a3c9dc000, 0x0000028a3c9d6000, 0x0000028a3c9dc800,
0x0000028a3c9dd800, 0x0000028a3c9d8800, 0x0000028a3c9de800, 0x0000028a3c9df000,
0x0000028a3c9d9800, 0x0000028a3c9e0000, 0x0000028a3c9da000, 0x0000028a3aa13000,
0x0000028a3aa15800, 0x0000028a3aa15000, 0x0000028a3aa16800, 0x0000028a3aa17000,
0x0000028a3aa18000, 0x0000028a3aa14000, 0x0000028a3aa1b800, 0x0000028a3aa19800,
0x0000028a3aa19000, 0x0000028a3aa1c000, 0x0000028a3aa1a800, 0x0000028a3aa20000,
0x0000028a3aa1e800, 0x0000028a3aa1f800, 0x0000028a3aa1e000, 0x0000028a3aa21000,
0x0000028a3aa22000, 0x0000028a3aa1d000, 0x0000028a3c785800, 0x0000028a3c788800,
0x0000028a3c786000, 0x0000028a3c78c800, 0x0000028a3c78a000, 0x0000028a3c787000,
0x0000028a3c787800, 0x0000028a3c78f000, 0x0000028a3c78d800, 0x0000028a3c78e000,
0x0000028a3c789800, 0x0000028a3c790800, 0x0000028a3c78b000, 0x0000028a3c790000,
0x0000028a3c791800, 0x0000028a3c78c000, 0x0000028a3c792800, 0x0000028a3c793000,
0x0000028a3c794000, 0x0000028a3a215000, 0x0000028a3a212000, 0x0000028a3a217800,
0x0000028a3a218800, 0x0000028a3a212800, 0x0000028a3a216000, 0x0000028a3a214800,
0x0000028a3a217000, 0x0000028a3a219800, 0x0000028a3a213800, 0x0000028a3a21b000,
0x0000028a3a21e000, 0x0000028a3a21c800, 0x0000028a3a21f000, 0x0000028a3a21b800,
0x0000028a3a21a000, 0x0000028a3a220000, 0x0000028a3a21d800, 0x0000028a3a220800,
0x0000028a3939e000, 0x0000028a3939f000, 0x0000028a39399800, 0x0000028a3939b000,
0x0000028a3939d800, 0x0000028a3939b800, 0x0000028a393a0000, 0x0000028a3939a000,
0x0000028a393a0800, 0x0000028a393a2800, 0x0000028a393a1800, 0x0000028a3939c800,
0x0000028a393a7000, 0x0000028a393a8000, 0x0000028a393a3000, 0x0000028a393a4000,
0x0000028a393a5800, 0x0000028a393a4800, 0x0000028a393a6800, 0x0000028a3a090800,
0x0000028a3a093000, 0x0000028a3a091800, 0x0000028a3a092000, 0x0000028a3a094000,
0x0000028a3a08e000, 0x0000028a3a094800, 0x0000028a3a08f000, 0x0000028a3a090000,
0x0000028a390b8000, 0x0000028a390be000, 0x0000028a390be800, 0x0000028a390bb800,
0x0000028a390b9000, 0x0000028a390bf800, 0x0000028a390ba000, 0x0000028a390ba800,
0x0000028a390bc000, 0x0000028a390bd000, 0x0000028a390c0800, 0x0000028a390c1000,
0x0000028a390c5000, 0x0000028a390c4800, 0x0000028a390c2000, 0x0000028a390c6000,
0x0000028a390c3000, 0x0000028a390c3800, 0x0000028a390c7000, 0x0000028a3aa2d800,
0x0000028a3aa2c800, 0x0000028a3aa2f000, 0x0000028a3aa30000, 0x0000028a3aa31000,
0x0000028a3aa2b000, 0x0000028a3aa31800, 0x0000028a3aa2c000, 0x0000028a3aa32800,
0x0000028a3aa33000, 0x0000028a3aa34000, 0x0000028a3aa2e800, 0x0000028a3aa35000,
0x0000028a3aa38000, 0x0000028a3aa39000, 0x0000028a3aa35800, 0x0000028a3aa36800,
0x0000028a3f955000, 0x0000028a3f953800
}

Java Threads: ( => current thread )
  0x0000028a1c6ea800 JavaThread "main" [_thread_blocked, id=19432, stack(0x000000c5d0f00000,0x000000c5d1000000)]
  0x0000028a36fd4800 JavaThread "Reference Handler" daemon [_thread_blocked, id=20960, stack(0x000000c5d1600000,0x000000c5d1700000)]
  0x0000028a36fe2000 JavaThread "Finalizer" daemon [_thread_blocked, id=15736, stack(0x000000c5d1700000,0x000000c5d1800000)]
  0x0000028a36ff7800 JavaThread "Signal Dispatcher" daemon [_thread_blocked, id=276, stack(0x000000c5d1800000,0x000000c5d1900000)]
  0x0000028a36ff8800 JavaThread "Attach Listener" daemon [_thread_blocked, id=19536, stack(0x000000c5d1900000,0x000000c5d1a00000)]
  0x0000028a36ffb000 JavaThread "Service Thread" daemon [_thread_blocked, id=16520, stack(0x000000c5d1a00000,0x000000c5d1b00000)]
  0x0000028a36ffc000 JavaThread "C2 CompilerThread0" daemon [_thread_blocked, id=21692, stack(0x000000c5d1b00000,0x000000c5d1c00000)]
  0x0000028a3795a800 JavaThread "C1 CompilerThread0" daemon [_thread_blocked, id=14820, stack(0x000000c5d1c00000,0x000000c5d1d00000)]
  0x0000028a3795d800 JavaThread "Sweeper thread" daemon [_thread_blocked, id=4836, stack(0x000000c5d1d00000,0x000000c5d1e00000)]
  0x0000028a37a77800 JavaThread "Common-Cleaner" daemon [_thread_blocked, id=13136, stack(0x000000c5d1e00000,0x000000c5d1f00000)]
  0x0000028a382d2000 JavaThread "Daemon health stats" [_thread_blocked, id=12432, stack(0x000000c5d2200000,0x000000c5d2300000)]
  0x0000028a3a934800 JavaThread "Incoming local TCP Connector on port 53264" [_thread_in_native, id=16008, stack(0x000000c5d2400000,0x000000c5d2500000)]
  0x0000028a39ec6000 JavaThread "Daemon periodic checks" [_thread_blocked, id=18504, stack(0x000000c5d2500000,0x000000c5d2600000)]
  0x0000028a3be4d800 JavaThread "Daemon" [_thread_blocked, id=9352, stack(0x000000c5d2600000,0x000000c5d2700000)]
  0x0000028a3c038800 JavaThread "Handler for socket connection from /127.0.0.1:53264 to /127.0.0.1:53265" [_thread_in_native, id=21320, stack(0x000000c5d2700000,0x000000c5d2800000)]
  0x0000028a3a02c000 JavaThread "Cancel handler" [_thread_blocked, id=21144, stack(0x000000c5d2800000,0x000000c5d2900000)]
  0x0000028a38674000 JavaThread "Daemon worker" [_thread_blocked, id=16504, stack(0x000000c5d2900000,0x000000c5d2a00000)]
  0x0000028a3ba35000 JavaThread "Asynchronous log dispatcher for DefaultDaemonConnection: socket connection from /127.0.0.1:53264 to /127.0.0.1:53265" [_thread_blocked, id=1352, stack(0x000000c5d2a00000,0x000000c5d2b00000)]
  0x0000028a3c58a000 JavaThread "Stdin handler" [_thread_blocked, id=3840, stack(0x000000c5d2b00000,0x000000c5d2c00000)]
  0x0000028a3ab47800 JavaThread "Daemon client event forwarder" [_thread_blocked, id=12088, stack(0x000000c5d2c00000,0x000000c5d2d00000)]
  0x0000028a3ab4c000 JavaThread "Cache worker for journal cache (C:\Users\sutus\.gradle\caches\journal-1)" [_thread_blocked, id=1752, stack(0x000000c5d2d00000,0x000000c5d2e00000)]
  0x0000028a3ab4e000 JavaThread "File lock request listener" [_thread_in_native, id=17264, stack(0x000000c5d3400000,0x000000c5d3500000)]
  0x0000028a3ab4a800 JavaThread "Cache worker for file hash cache (C:\Users\sutus\.gradle\caches\7.5\fileHashes)" [_thread_blocked, id=22304, stack(0x000000c5d3700000,0x000000c5d3800000)]
  0x0000028a3ab4b800 JavaThread "File watcher server" daemon [_thread_blocked, id=9656, stack(0x000000c5d3800000,0x000000c5d3900000)]
  0x0000028a3ab4d000 JavaThread "File watcher consumer" daemon [_thread_blocked, id=16068, stack(0x000000c5d3900000,0x000000c5d3a00000)]
  0x0000028a3ab49000 JavaThread "Cache worker for checksums cache (C:\Users\sutus\SZTE\MobilAlk\projekt\chat-app\.gradle\7.5\checksums)" [_thread_blocked, id=20712, stack(0x000000c5d3a00000,0x000000c5d3b00000)]
  0x0000028a3ab4a000 JavaThread "Cache worker for cache directory md-rule (C:\Users\sutus\.gradle\caches\7.5\md-rule)" [_thread_blocked, id=6076, stack(0x000000c5d3b00000,0x000000c5d3c00000)]
  0x0000028a3ab48000 JavaThread "Cache worker for file content cache (C:\Users\sutus\.gradle\caches\7.5\fileContent)" [_thread_blocked, id=12540, stack(0x000000c5d3c00000,0x000000c5d3d00000)]
  0x0000028a38f46800 JavaThread "Cache worker for file hash cache (C:\Users\sutus\SZTE\MobilAlk\projekt\chat-app\.gradle\7.5\fileHashes)" [_thread_blocked, id=1432, stack(0x000000c5d3d00000,0x000000c5d3e00000)]
  0x0000028a38f48800 JavaThread "Cache worker for cache directory md-supplier (C:\Users\sutus\.gradle\caches\7.5\md-supplier)" [_thread_blocked, id=10608, stack(0x000000c5d3e00000,0x000000c5d3f00000)]
  0x0000028a38f4a000 JavaThread "Cache worker for execution history cache (C:\Users\sutus\.gradle\caches\7.5\executionHistory)" [_thread_blocked, id=4748, stack(0x000000c5d3f00000,0x000000c5d4000000)]
  0x0000028a38f49000 JavaThread "jar transforms" [_thread_blocked, id=18876, stack(0x000000c5d4000000,0x000000c5d4100000)]
  0x0000028a38f47800 JavaThread "jar transforms Thread 2" [_thread_blocked, id=18484, stack(0x000000c5d4100000,0x000000c5d4200000)]
  0x0000028a38f4b800 JavaThread "jar transforms Thread 3" [_thread_blocked, id=996, stack(0x000000c5d4200000,0x000000c5d4300000)]
  0x0000028a38f46000 JavaThread "jar transforms Thread 4" [_thread_blocked, id=6128, stack(0x000000c5d4300000,0x000000c5d4400000)]
  0x0000028a38f52000 JavaThread "Cache worker for dependencies-accessors (C:\Users\sutus\SZTE\MobilAlk\projekt\chat-app\.gradle\7.5\dependencies-accessors)" [_thread_blocked, id=7664, stack(0x000000c5d4400000,0x000000c5d4500000)]
  0x0000028a38f4c800 JavaThread "jar transforms Thread 5" [_thread_blocked, id=5796, stack(0x000000c5d4700000,0x000000c5d4800000)]
  0x0000028a38f4f000 JavaThread "Cache worker for Build Output Cleanup Cache (C:\Users\sutus\SZTE\MobilAlk\projekt\chat-app\.gradle\buildOutputCleanup)" [_thread_blocked, id=19464, stack(0x000000c5d4800000,0x000000c5d4900000)]
  0x0000028a38f4d800 JavaThread "Unconstrained build operations" [_thread_blocked, id=10344, stack(0x000000c5d4900000,0x000000c5d4a00000)]
  0x0000028a38f53000 JavaThread "Unconstrained build operations Thread 2" [_thread_blocked, id=24040, stack(0x000000c5d4a00000,0x000000c5d4b00000)]
  0x0000028a38f4f800 JavaThread "Unconstrained build operations Thread 3" [_thread_blocked, id=23176, stack(0x000000c5d4b00000,0x000000c5d4c00000)]
  0x0000028a38f4e000 JavaThread "Unconstrained build operations Thread 4" [_thread_blocked, id=23104, stack(0x000000c5d4c00000,0x000000c5d4d00000)]
  0x0000028a38f50800 JavaThread "Unconstrained build operations Thread 5" [_thread_blocked, id=24376, stack(0x000000c5d4d00000,0x000000c5d4e00000)]
  0x0000028a38f51800 JavaThread "Unconstrained build operations Thread 6" [_thread_blocked, id=23448, stack(0x000000c5d4e00000,0x000000c5d4f00000)]
  0x0000028a3c9d2000 JavaThread "Unconstrained build operations Thread 7" [_thread_blocked, id=9300, stack(0x000000c5d4f00000,0x000000c5d5000000)]
  0x0000028a3c9d3800 JavaThread "Unconstrained build operations Thread 8" [_thread_blocked, id=15980, stack(0x000000c5d5000000,0x000000c5d5100000)]
  0x0000028a3c9d4800 JavaThread "Unconstrained build operations Thread 9" [_thread_blocked, id=20792, stack(0x000000c5d5100000,0x000000c5d5200000)]
  0x0000028a3c9d1800 JavaThread "Unconstrained build operations Thread 10" [_thread_blocked, id=19608, stack(0x000000c5d5200000,0x000000c5d5300000)]
  0x0000028a3c9d5800 JavaThread "Unconstrained build operations Thread 11" [_thread_blocked, id=15756, stack(0x000000c5d5300000,0x000000c5d5400000)]
  0x0000028a3c9d8000 JavaThread "Unconstrained build operations Thread 12" [_thread_blocked, id=3416, stack(0x000000c5d5400000,0x000000c5d5500000)]
  0x0000028a3c9d3000 JavaThread "Unconstrained build operations Thread 13" [_thread_blocked, id=15048, stack(0x000000c5d5500000,0x000000c5d5600000)]
  0x0000028a3c9db000 JavaThread "Unconstrained build operations Thread 14" [_thread_blocked, id=21732, stack(0x000000c5d5600000,0x000000c5d5700000)]
  0x0000028a3c9d7000 JavaThread "Unconstrained build operations Thread 15" [_thread_blocked, id=22992, stack(0x000000c5d5700000,0x000000c5d5800000)]
  0x0000028a3c9dc000 JavaThread "Unconstrained build operations Thread 16" [_thread_blocked, id=11156, stack(0x000000c5d5800000,0x000000c5d5900000)]
  0x0000028a3c9d6000 JavaThread "Unconstrained build operations Thread 17" [_thread_blocked, id=24320, stack(0x000000c5d5900000,0x000000c5d5a00000)]
  0x0000028a3c9dc800 JavaThread "Unconstrained build operations Thread 18" [_thread_blocked, id=13500, stack(0x000000c5d5a00000,0x000000c5d5b00000)]
  0x0000028a3c9dd800 JavaThread "Unconstrained build operations Thread 19" [_thread_blocked, id=14120, stack(0x000000c5d5b00000,0x000000c5d5c00000)]
  0x0000028a3c9d8800 JavaThread "Unconstrained build operations Thread 20" [_thread_blocked, id=6276, stack(0x000000c5d5c00000,0x000000c5d5d00000)]
  0x0000028a3c9de800 JavaThread "Unconstrained build operations Thread 21" [_thread_blocked, id=23508, stack(0x000000c5d5d00000,0x000000c5d5e00000)]
  0x0000028a3c9df000 JavaThread "Unconstrained build operations Thread 22" [_thread_blocked, id=22524, stack(0x000000c5d5e00000,0x000000c5d5f00000)]
  0x0000028a3c9d9800 JavaThread "Unconstrained build operations Thread 23" [_thread_blocked, id=24360, stack(0x000000c5d5f00000,0x000000c5d6000000)]
  0x0000028a3c9e0000 JavaThread "Unconstrained build operations Thread 24" [_thread_blocked, id=16452, stack(0x000000c5d6000000,0x000000c5d6100000)]
  0x0000028a3c9da000 JavaThread "Unconstrained build operations Thread 25" [_thread_blocked, id=19376, stack(0x000000c5d6100000,0x000000c5d6200000)]
  0x0000028a3aa13000 JavaThread "Unconstrained build operations Thread 26" [_thread_blocked, id=1592, stack(0x000000c5d6200000,0x000000c5d6300000)]
  0x0000028a3aa15800 JavaThread "Unconstrained build operations Thread 27" [_thread_blocked, id=12632, stack(0x000000c5d6300000,0x000000c5d6400000)]
  0x0000028a3aa15000 JavaThread "Unconstrained build operations Thread 28" [_thread_blocked, id=22112, stack(0x000000c5d6400000,0x000000c5d6500000)]
  0x0000028a3aa16800 JavaThread "Unconstrained build operations Thread 29" [_thread_blocked, id=14152, stack(0x000000c5d6500000,0x000000c5d6600000)]
  0x0000028a3aa17000 JavaThread "Unconstrained build operations Thread 30" [_thread_blocked, id=17268, stack(0x000000c5d6600000,0x000000c5d6700000)]
  0x0000028a3aa18000 JavaThread "Unconstrained build operations Thread 31" [_thread_blocked, id=11920, stack(0x000000c5d6700000,0x000000c5d6800000)]
  0x0000028a3aa14000 JavaThread "Unconstrained build operations Thread 32" [_thread_blocked, id=2228, stack(0x000000c5d6800000,0x000000c5d6900000)]
  0x0000028a3aa1b800 JavaThread "Unconstrained build operations Thread 33" [_thread_blocked, id=12284, stack(0x000000c5d6900000,0x000000c5d6a00000)]
  0x0000028a3aa19800 JavaThread "Unconstrained build operations Thread 34" [_thread_blocked, id=22548, stack(0x000000c5d6a00000,0x000000c5d6b00000)]
  0x0000028a3aa19000 JavaThread "Unconstrained build operations Thread 35" [_thread_blocked, id=11672, stack(0x000000c5d6b00000,0x000000c5d6c00000)]
  0x0000028a3aa1c000 JavaThread "Unconstrained build operations Thread 36" [_thread_blocked, id=17300, stack(0x000000c5d6c00000,0x000000c5d6d00000)]
  0x0000028a3aa1a800 JavaThread "Unconstrained build operations Thread 37" [_thread_blocked, id=14312, stack(0x000000c5d6d00000,0x000000c5d6e00000)]
  0x0000028a3aa20000 JavaThread "Unconstrained build operations Thread 38" [_thread_blocked, id=20892, stack(0x000000c5d6e00000,0x000000c5d6f00000)]
  0x0000028a3aa1e800 JavaThread "Unconstrained build operations Thread 39" [_thread_blocked, id=19540, stack(0x000000c5d6f00000,0x000000c5d7000000)]
  0x0000028a3aa1f800 JavaThread "Unconstrained build operations Thread 40" [_thread_blocked, id=23556, stack(0x000000c5d7000000,0x000000c5d7100000)]
  0x0000028a3aa1e000 JavaThread "Unconstrained build operations Thread 41" [_thread_blocked, id=14692, stack(0x000000c5d7100000,0x000000c5d7200000)]
  0x0000028a3aa21000 JavaThread "Unconstrained build operations Thread 42" [_thread_blocked, id=10428, stack(0x000000c5d7200000,0x000000c5d7300000)]
  0x0000028a3aa22000 JavaThread "Unconstrained build operations Thread 43" [_thread_blocked, id=13672, stack(0x000000c5d7300000,0x000000c5d7400000)]
  0x0000028a3aa1d000 JavaThread "Unconstrained build operations Thread 44" [_thread_blocked, id=19724, stack(0x000000c5d7400000,0x000000c5d7500000)]
  0x0000028a3c785800 JavaThread "Unconstrained build operations Thread 45" [_thread_blocked, id=19616, stack(0x000000c5d7500000,0x000000c5d7600000)]
  0x0000028a3c788800 JavaThread "Unconstrained build operations Thread 46" [_thread_blocked, id=22008, stack(0x000000c5d7600000,0x000000c5d7700000)]
  0x0000028a3c786000 JavaThread "Unconstrained build operations Thread 47" [_thread_blocked, id=21060, stack(0x000000c5d7700000,0x000000c5d7800000)]
  0x0000028a3c78c800 JavaThread "Unconstrained build operations Thread 48" [_thread_blocked, id=18384, stack(0x000000c5d7800000,0x000000c5d7900000)]
  0x0000028a3c78a000 JavaThread "Unconstrained build operations Thread 49" [_thread_blocked, id=10528, stack(0x000000c5d7900000,0x000000c5d7a00000)]
  0x0000028a3c787000 JavaThread "Unconstrained build operations Thread 50" [_thread_blocked, id=17664, stack(0x000000c5d7a00000,0x000000c5d7b00000)]
  0x0000028a3c787800 JavaThread "Unconstrained build operations Thread 51" [_thread_blocked, id=17496, stack(0x000000c5d7b00000,0x000000c5d7c00000)]
  0x0000028a3c78f000 JavaThread "Unconstrained build operations Thread 52" [_thread_blocked, id=13092, stack(0x000000c5d7c00000,0x000000c5d7d00000)]
  0x0000028a3c78d800 JavaThread "Unconstrained build operations Thread 53" [_thread_blocked, id=23540, stack(0x000000c5d7d00000,0x000000c5d7e00000)]
  0x0000028a3c78e000 JavaThread "Unconstrained build operations Thread 54" [_thread_blocked, id=10464, stack(0x000000c5d7e00000,0x000000c5d7f00000)]
  0x0000028a3c789800 JavaThread "Unconstrained build operations Thread 55" [_thread_blocked, id=5440, stack(0x000000c5d7f00000,0x000000c5d8000000)]
  0x0000028a3c790800 JavaThread "Unconstrained build operations Thread 56" [_thread_blocked, id=21908, stack(0x000000c5d8000000,0x000000c5d8100000)]
  0x0000028a3c78b000 JavaThread "Unconstrained build operations Thread 57" [_thread_blocked, id=2108, stack(0x000000c5d8100000,0x000000c5d8200000)]
  0x0000028a3c790000 JavaThread "Unconstrained build operations Thread 58" [_thread_blocked, id=12928, stack(0x000000c5d8200000,0x000000c5d8300000)]
  0x0000028a3c791800 JavaThread "Unconstrained build operations Thread 59" [_thread_blocked, id=20400, stack(0x000000c5d8300000,0x000000c5d8400000)]
  0x0000028a3c78c000 JavaThread "Unconstrained build operations Thread 60" [_thread_blocked, id=15976, stack(0x000000c5d8400000,0x000000c5d8500000)]
  0x0000028a3c792800 JavaThread "Unconstrained build operations Thread 61" [_thread_blocked, id=2336, stack(0x000000c5d8500000,0x000000c5d8600000)]
  0x0000028a3c793000 JavaThread "Unconstrained build operations Thread 62" [_thread_blocked, id=20256, stack(0x000000c5d8600000,0x000000c5d8700000)]
  0x0000028a3c794000 JavaThread "Unconstrained build operations Thread 63" [_thread_blocked, id=13920, stack(0x000000c5d8700000,0x000000c5d8800000)]
  0x0000028a3a215000 JavaThread "Unconstrained build operations Thread 64" [_thread_blocked, id=6996, stack(0x000000c5d8800000,0x000000c5d8900000)]
  0x0000028a3a212000 JavaThread "Unconstrained build operations Thread 65" [_thread_blocked, id=7244, stack(0x000000c5d8900000,0x000000c5d8a00000)]
  0x0000028a3a217800 JavaThread "Unconstrained build operations Thread 66" [_thread_blocked, id=11020, stack(0x000000c5d8a00000,0x000000c5d8b00000)]
  0x0000028a3a218800 JavaThread "Unconstrained build operations Thread 67" [_thread_blocked, id=17868, stack(0x000000c5d8b00000,0x000000c5d8c00000)]
  0x0000028a3a212800 JavaThread "Unconstrained build operations Thread 68" [_thread_blocked, id=18552, stack(0x000000c5d8c00000,0x000000c5d8d00000)]
  0x0000028a3a216000 JavaThread "Unconstrained build operations Thread 69" [_thread_blocked, id=20680, stack(0x000000c5d8d00000,0x000000c5d8e00000)]
  0x0000028a3a214800 JavaThread "Unconstrained build operations Thread 70" [_thread_blocked, id=6784, stack(0x000000c5d8e00000,0x000000c5d8f00000)]
  0x0000028a3a217000 JavaThread "Unconstrained build operations Thread 71" [_thread_blocked, id=22620, stack(0x000000c5d8f00000,0x000000c5d9000000)]
  0x0000028a3a219800 JavaThread "Unconstrained build operations Thread 72" [_thread_blocked, id=22196, stack(0x000000c5d9000000,0x000000c5d9100000)]
  0x0000028a3a213800 JavaThread "Unconstrained build operations Thread 73" [_thread_blocked, id=23564, stack(0x000000c5d9100000,0x000000c5d9200000)]
  0x0000028a3a21b000 JavaThread "Unconstrained build operations Thread 74" [_thread_blocked, id=15032, stack(0x000000c5d9200000,0x000000c5d9300000)]
  0x0000028a3a21e000 JavaThread "Unconstrained build operations Thread 75" [_thread_blocked, id=21016, stack(0x000000c5d9300000,0x000000c5d9400000)]
  0x0000028a3a21c800 JavaThread "Unconstrained build operations Thread 76" [_thread_blocked, id=8644, stack(0x000000c5d9400000,0x000000c5d9500000)]
  0x0000028a3a21f000 JavaThread "Unconstrained build operations Thread 77" [_thread_blocked, id=12216, stack(0x000000c5d9500000,0x000000c5d9600000)]
  0x0000028a3a21b800 JavaThread "Unconstrained build operations Thread 78" [_thread_blocked, id=8672, stack(0x000000c5d9600000,0x000000c5d9700000)]
  0x0000028a3a21a000 JavaThread "Unconstrained build operations Thread 79" [_thread_blocked, id=22388, stack(0x000000c5d9700000,0x000000c5d9800000)]
  0x0000028a3a220000 JavaThread "Unconstrained build operations Thread 80" [_thread_blocked, id=23732, stack(0x000000c5d9800000,0x000000c5d9900000)]
  0x0000028a3a21d800 JavaThread "Unconstrained build operations Thread 81" [_thread_blocked, id=9228, stack(0x000000c5d9900000,0x000000c5d9a00000)]
  0x0000028a3a220800 JavaThread "Unconstrained build operations Thread 82" [_thread_blocked, id=14668, stack(0x000000c5d9a00000,0x000000c5d9b00000)]
  0x0000028a3939e000 JavaThread "Unconstrained build operations Thread 83" [_thread_blocked, id=11608, stack(0x000000c5d9b00000,0x000000c5d9c00000)]
  0x0000028a3939f000 JavaThread "Unconstrained build operations Thread 84" [_thread_blocked, id=20732, stack(0x000000c5d9c00000,0x000000c5d9d00000)]
  0x0000028a39399800 JavaThread "Unconstrained build operations Thread 85" [_thread_blocked, id=18184, stack(0x000000c5d9d00000,0x000000c5d9e00000)]
  0x0000028a3939b000 JavaThread "Unconstrained build operations Thread 86" [_thread_blocked, id=22400, stack(0x000000c5d9e00000,0x000000c5d9f00000)]
  0x0000028a3939d800 JavaThread "Unconstrained build operations Thread 87" [_thread_blocked, id=6536, stack(0x000000c5d9f00000,0x000000c5da000000)]
  0x0000028a3939b800 JavaThread "Unconstrained build operations Thread 88" [_thread_blocked, id=3456, stack(0x000000c5da000000,0x000000c5da100000)]
  0x0000028a393a0000 JavaThread "Unconstrained build operations Thread 89" [_thread_blocked, id=19072, stack(0x000000c5da100000,0x000000c5da200000)]
  0x0000028a3939a000 JavaThread "Unconstrained build operations Thread 90" [_thread_blocked, id=12364, stack(0x000000c5da200000,0x000000c5da300000)]
  0x0000028a393a0800 JavaThread "Unconstrained build operations Thread 91" [_thread_blocked, id=22244, stack(0x000000c5da300000,0x000000c5da400000)]
  0x0000028a393a2800 JavaThread "Unconstrained build operations Thread 92" [_thread_blocked, id=17252, stack(0x000000c5da400000,0x000000c5da500000)]
  0x0000028a393a1800 JavaThread "Unconstrained build operations Thread 93" [_thread_blocked, id=17656, stack(0x000000c5da500000,0x000000c5da600000)]
  0x0000028a3939c800 JavaThread "Unconstrained build operations Thread 94" [_thread_blocked, id=18532, stack(0x000000c5da600000,0x000000c5da700000)]
  0x0000028a393a7000 JavaThread "Unconstrained build operations Thread 95" [_thread_blocked, id=8520, stack(0x000000c5da700000,0x000000c5da800000)]
  0x0000028a393a8000 JavaThread "Unconstrained build operations Thread 96" [_thread_blocked, id=7884, stack(0x000000c5da800000,0x000000c5da900000)]
  0x0000028a393a3000 JavaThread "Unconstrained build operations Thread 97" [_thread_blocked, id=6672, stack(0x000000c5da900000,0x000000c5daa00000)]
  0x0000028a393a4000 JavaThread "Unconstrained build operations Thread 98" [_thread_blocked, id=9596, stack(0x000000c5daa00000,0x000000c5dab00000)]
  0x0000028a393a5800 JavaThread "Unconstrained build operations Thread 99" [_thread_blocked, id=9604, stack(0x000000c5dab00000,0x000000c5dac00000)]
  0x0000028a393a4800 JavaThread "Unconstrained build operations Thread 100" [_thread_blocked, id=5168, stack(0x000000c5dac00000,0x000000c5dad00000)]
  0x0000028a393a6800 JavaThread "Unconstrained build operations Thread 101" [_thread_blocked, id=18760, stack(0x000000c5dad00000,0x000000c5dae00000)]
  0x0000028a3a090800 JavaThread "Unconstrained build operations Thread 102" [_thread_blocked, id=10908, stack(0x000000c5dae00000,0x000000c5daf00000)]
  0x0000028a3a093000 JavaThread "Unconstrained build operations Thread 103" [_thread_blocked, id=16752, stack(0x000000c5daf00000,0x000000c5db000000)]
  0x0000028a3a091800 JavaThread "Unconstrained build operations Thread 104" [_thread_blocked, id=22708, stack(0x000000c5db000000,0x000000c5db100000)]
  0x0000028a3a092000 JavaThread "Unconstrained build operations Thread 105" [_thread_blocked, id=20112, stack(0x000000c5db100000,0x000000c5db200000)]
  0x0000028a3a094000 JavaThread "Unconstrained build operations Thread 106" [_thread_blocked, id=21700, stack(0x000000c5db200000,0x000000c5db300000)]
  0x0000028a3a08e000 JavaThread "Unconstrained build operations Thread 107" [_thread_blocked, id=13404, stack(0x000000c5db300000,0x000000c5db400000)]
  0x0000028a3a094800 JavaThread "Unconstrained build operations Thread 108" [_thread_blocked, id=22224, stack(0x000000c5db400000,0x000000c5db500000)]
  0x0000028a3a08f000 JavaThread "Unconstrained build operations Thread 109" [_thread_blocked, id=1280, stack(0x000000c5db500000,0x000000c5db600000)]
  0x0000028a3a090000 JavaThread "Unconstrained build operations Thread 110" [_thread_blocked, id=4768, stack(0x000000c5db600000,0x000000c5db700000)]
  0x0000028a390b8000 JavaThread "Unconstrained build operations Thread 111" [_thread_blocked, id=19168, stack(0x000000c5db700000,0x000000c5db800000)]
  0x0000028a390be000 JavaThread "Unconstrained build operations Thread 112" [_thread_blocked, id=19884, stack(0x000000c5db800000,0x000000c5db900000)]
  0x0000028a390be800 JavaThread "Unconstrained build operations Thread 113" [_thread_blocked, id=14576, stack(0x000000c5db900000,0x000000c5dba00000)]
  0x0000028a390bb800 JavaThread "Unconstrained build operations Thread 114" [_thread_blocked, id=20220, stack(0x000000c5dba00000,0x000000c5dbb00000)]
  0x0000028a390b9000 JavaThread "Unconstrained build operations Thread 115" [_thread_blocked, id=13688, stack(0x000000c5dbb00000,0x000000c5dbc00000)]
  0x0000028a390bf800 JavaThread "Unconstrained build operations Thread 116" [_thread_blocked, id=15288, stack(0x000000c5dbc00000,0x000000c5dbd00000)]
  0x0000028a390ba000 JavaThread "Unconstrained build operations Thread 117" [_thread_blocked, id=21776, stack(0x000000c5dbd00000,0x000000c5dbe00000)]
  0x0000028a390ba800 JavaThread "Unconstrained build operations Thread 118" [_thread_blocked, id=23524, stack(0x000000c5dbe00000,0x000000c5dbf00000)]
  0x0000028a390bc000 JavaThread "Unconstrained build operations Thread 119" [_thread_blocked, id=9468, stack(0x000000c5dbf00000,0x000000c5dc000000)]
  0x0000028a390bd000 JavaThread "Unconstrained build operations Thread 120" [_thread_blocked, id=20964, stack(0x000000c5dc000000,0x000000c5dc100000)]
  0x0000028a390c0800 JavaThread "jar transforms Thread 6" [_thread_blocked, id=24104, stack(0x000000c5dc100000,0x000000c5dc200000)]
  0x0000028a390c1000 JavaThread "jar transforms Thread 7" [_thread_blocked, id=18340, stack(0x000000c5dc200000,0x000000c5dc300000)]
  0x0000028a390c5000 JavaThread "jar transforms Thread 8" [_thread_blocked, id=20616, stack(0x000000c5dc300000,0x000000c5dc400000)]
  0x0000028a390c4800 JavaThread "jar transforms Thread 9" [_thread_blocked, id=18756, stack(0x000000c5dc400000,0x000000c5dc500000)]
  0x0000028a390c2000 JavaThread "jar transforms Thread 10" [_thread_blocked, id=3284, stack(0x000000c5dc500000,0x000000c5dc600000)]
  0x0000028a390c6000 JavaThread "jar transforms Thread 11" [_thread_blocked, id=23560, stack(0x000000c5dc600000,0x000000c5dc700000)]
  0x0000028a390c3000 JavaThread "jar transforms Thread 12" [_thread_blocked, id=4596, stack(0x000000c5dc700000,0x000000c5dc800000)]
  0x0000028a390c3800 JavaThread "build event listener" [_thread_blocked, id=9928, stack(0x000000c5dc800000,0x000000c5dc900000)]
  0x0000028a390c7000 JavaThread "Memory manager" [_thread_blocked, id=2596, stack(0x000000c5dc900000,0x000000c5dca00000)]
  0x0000028a3aa2d800 JavaThread "included builds" [_thread_blocked, id=20328, stack(0x000000c5dca00000,0x000000c5dcb00000)]
  0x0000028a3aa2c800 JavaThread "Execution worker" [_thread_blocked, id=17464, stack(0x000000c5dcb00000,0x000000c5dcc00000)]
  0x0000028a3aa2f000 JavaThread "Execution worker Thread 2" [_thread_blocked, id=8788, stack(0x000000c5dcc00000,0x000000c5dcd00000)]
  0x0000028a3aa30000 JavaThread "Execution worker Thread 3" [_thread_blocked, id=6364, stack(0x000000c5dcd00000,0x000000c5dce00000)]
  0x0000028a3aa31000 JavaThread "Execution worker Thread 4" [_thread_blocked, id=20836, stack(0x000000c5dce00000,0x000000c5dcf00000)]
  0x0000028a3aa2b000 JavaThread "Execution worker Thread 5" [_thread_blocked, id=16876, stack(0x000000c5dcf00000,0x000000c5dd000000)]
  0x0000028a3aa31800 JavaThread "Execution worker Thread 6" [_thread_blocked, id=5516, stack(0x000000c5dd000000,0x000000c5dd100000)]
  0x0000028a3aa2c000 JavaThread "Execution worker Thread 7" [_thread_blocked, id=2176, stack(0x000000c5dd100000,0x000000c5dd200000)]
  0x0000028a3aa32800 JavaThread "Execution worker Thread 8" [_thread_blocked, id=10308, stack(0x000000c5dd200000,0x000000c5dd300000)]
  0x0000028a3aa33000 JavaThread "Execution worker Thread 9" [_thread_blocked, id=22964, stack(0x000000c5dd300000,0x000000c5dd400000)]
  0x0000028a3aa34000 JavaThread "Execution worker Thread 10" [_thread_blocked, id=12052, stack(0x000000c5dd400000,0x000000c5dd500000)]
  0x0000028a3aa2e800 JavaThread "Execution worker Thread 11" [_thread_blocked, id=19064, stack(0x000000c5dd500000,0x000000c5dd600000)]
  0x0000028a3aa35000 JavaThread "Cache worker for execution history cache (C:\Users\sutus\SZTE\MobilAlk\projekt\chat-app\.gradle\7.5\executionHistory)" [_thread_blocked, id=12132, stack(0x000000c5dd600000,0x000000c5dd700000)]
  0x0000028a3aa38000 JavaThread "WorkerExecutor Queue" [_thread_blocked, id=9172, stack(0x000000c5d0c00000,0x000000c5d0d00000)]
  0x0000028a3aa39000 JavaThread "WorkerExecutor Queue Thread 2" [_thread_blocked, id=13124, stack(0x000000c5d0d00000,0x000000c5d0e00000)]
  0x0000028a3aa35800 JavaThread "WorkerExecutor Queue Thread 3" [_thread_blocked, id=14768, stack(0x000000c5d0e00000,0x000000c5d0f00000)]
  0x0000028a3aa36800 JavaThread "pool-3-thread-1" [_thread_blocked, id=19876, stack(0x000000c5dd700000,0x000000c5dd800000)]
  0x0000028a3f955000 JavaThread "stderr" [_thread_in_native, id=15180, stack(0x000000c5dd800000,0x000000c5dd900000)]
  0x0000028a3f953800 JavaThread "stdout" [_thread_in_native, id=6084, stack(0x000000c5dd900000,0x000000c5dda00000)]

Other Threads:
=>0x0000028a36fd2800 VMThread "VM Thread" [stack: 0x000000c5d1500000,0x000000c5d1600000] [id=2412]
  0x0000028a37d2f000 WatcherThread [stack: 0x000000c5d1f00000,0x000000c5d2000000] [id=22264]
  0x0000028a1c702800 GCTaskThread "GC Thread#0" [stack: 0x000000c5d1000000,0x000000c5d1100000] [id=21288]
  0x0000028a38ce3800 GCTaskThread "GC Thread#1" [stack: 0x000000c5d2000000,0x000000c5d2100000] [id=21332]
  0x0000028a382a4800 GCTaskThread "GC Thread#2" [stack: 0x000000c5d2100000,0x000000c5d2200000] [id=2416]
  0x0000028a3bf75800 GCTaskThread "GC Thread#3" [stack: 0x000000c5d2300000,0x000000c5d2400000] [id=23404]
  0x0000028a3c0e0000 GCTaskThread "GC Thread#4" [stack: 0x000000c5d2e00000,0x000000c5d2f00000] [id=17276]
  0x0000028a3a952000 GCTaskThread "GC Thread#5" [stack: 0x000000c5d2f00000,0x000000c5d3000000] [id=10000]
  0x0000028a3a3b1000 GCTaskThread "GC Thread#6" [stack: 0x000000c5d3000000,0x000000c5d3100000] [id=16136]
  0x0000028a3c404000 GCTaskThread "GC Thread#7" [stack: 0x000000c5d3100000,0x000000c5d3200000] [id=24340]
  0x0000028a38d49800 GCTaskThread "GC Thread#8" [stack: 0x000000c5d3200000,0x000000c5d3300000] [id=18396]
  0x0000028a3c28b000 GCTaskThread "GC Thread#9" [stack: 0x000000c5d3300000,0x000000c5d3400000] [id=19112]
  0x0000028a1c736000 ConcurrentGCThread "G1 Main Marker" [stack: 0x000000c5d1100000,0x000000c5d1200000] [id=1476]
  0x0000028a1c737000 ConcurrentGCThread "G1 Conc#0" [stack: 0x000000c5d1200000,0x000000c5d1300000] [id=15272]
  0x0000028a37e08800 ConcurrentGCThread "G1 Conc#1" [stack: 0x000000c5d3500000,0x000000c5d3600000] [id=12692]
  0x0000028a3abf1000 ConcurrentGCThread "G1 Conc#2" [stack: 0x000000c5d3600000,0x000000c5d3700000] [id=18084]
  0x0000028a1c7bd800 ConcurrentGCThread "G1 Refine#0" [stack: 0x000000c5d1300000,0x000000c5d1400000] [id=14784]
  0x0000028a1c7be000 ConcurrentGCThread "G1 Young RemSet Sampling" [stack: 0x000000c5d1400000,0x000000c5d1500000] [id=13344]

Threads with active compile tasks:
C2 CompilerThread0    65370 13090   !   4       java.util.concurrent.ConcurrentHashMap::putVal (432 bytes)

VM state:at safepoint (normal execution)

VM Mutex/Monitor currently owned by a thread:  ([mutex/lock_event])
[0x0000028a1c6e47d0] Threads_lock - owner thread: 0x0000028a36fd2800
[0x0000028a1c6e5160] Heap_lock - owner thread: 0x0000028a3aa35800

Heap address: 0x0000000080000000, size: 2048 MB, Compressed Oops mode: 32-bit
Narrow klass base: 0x0000000000000000, Narrow klass shift: 3
Compressed class space size: 1073741824 Address: 0x0000000100000000

Heap:
 garbage-first heap   total 418816K, used 169547K [0x0000000080000000, 0x0000000100000000)
  region size 1024K, 2 young (2048K), 2 survivors (2048K)
 Metaspace       used 94575K, capacity 97087K, committed 97280K, reserved 1132544K
  class space    used 12302K, capacity 13292K, committed 13312K, reserved 1048576K
Heap Regions: E=young(eden), S=young(survivor), O=old, HS=humongous(starts), HC=humongous(continues), CS=collection set, F=free, A=archive, TAMS=top-at-mark-start (previous, next)
|   0|0x0000000080000000, 0x0000000080100000, 0x0000000080100000|100%| O|  |TAMS 0x0000000080100000, 0x0000000080100000| Untracked 
|   1|0x0000000080100000, 0x0000000080200000, 0x0000000080200000|100%| O|  |TAMS 0x0000000080200000, 0x0000000080200000| Untracked 
|   2|0x0000000080200000, 0x0000000080300000, 0x0000000080300000|100%| O|  |TAMS 0x0000000080300000, 0x0000000080300000| Untracked 
|   3|0x0000000080300000, 0x0000000080400000, 0x0000000080400000|100%|HS|  |TAMS 0x0000000080400000, 0x0000000080400000| Complete 
|   4|0x0000000080400000, 0x0000000080500000, 0x0000000080500000|100%|HC|  |TAMS 0x0000000080500000, 0x0000000080500000| Complete 
|   5|0x0000000080500000, 0x0000000080600000, 0x0000000080600000|100%|HC|  |TAMS 0x0000000080600000, 0x0000000080600000| Complete 
|   6|0x0000000080600000, 0x0000000080700000, 0x0000000080700000|100%| O|  |TAMS 0x0000000080700000, 0x0000000080700000| Untracked 
|   7|0x0000000080700000, 0x0000000080800000, 0x0000000080800000|100%| O|  |TAMS 0x0000000080800000, 0x0000000080800000| Untracked 
|   8|0x0000000080800000, 0x0000000080900000, 0x0000000080900000|100%| O|  |TAMS 0x0000000080900000, 0x0000000080900000| Untracked 
|   9|0x0000000080900000, 0x0000000080a00000, 0x0000000080a00000|100%| O|  |TAMS 0x0000000080a00000, 0x0000000080a00000| Untracked 
|  10|0x0000000080a00000, 0x0000000080b00000, 0x0000000080b00000|100%| O|  |TAMS 0x0000000080b00000, 0x0000000080b00000| Untracked 
|  11|0x0000000080b00000, 0x0000000080c00000, 0x0000000080c00000|100%| O|  |TAMS 0x0000000080c00000, 0x0000000080c00000| Untracked 
|  12|0x0000000080c00000, 0x0000000080d00000, 0x0000000080d00000|100%| O|  |TAMS 0x0000000080d00000, 0x0000000080d00000| Untracked 
|  13|0x0000000080d00000, 0x0000000080e00000, 0x0000000080e00000|100%| O|  |TAMS 0x0000000080e00000, 0x0000000080e00000| Untracked 
|  14|0x0000000080e00000, 0x0000000080f00000, 0x0000000080f00000|100%| O|  |TAMS 0x0000000080f00000, 0x0000000080f00000| Untracked 
|  15|0x0000000080f00000, 0x0000000081000000, 0x0000000081000000|100%| O|  |TAMS 0x0000000081000000, 0x0000000081000000| Untracked 
|  16|0x0000000081000000, 0x0000000081100000, 0x0000000081100000|100%| O|  |TAMS 0x0000000081100000, 0x0000000081100000| Untracked 
|  17|0x0000000081100000, 0x0000000081200000, 0x0000000081200000|100%| O|  |TAMS 0x0000000081200000, 0x0000000081200000| Untracked 
|  18|0x0000000081200000, 0x0000000081300000, 0x0000000081300000|100%| O|  |TAMS 0x0000000081300000, 0x0000000081300000| Untracked 
|  19|0x0000000081300000, 0x0000000081400000, 0x0000000081400000|100%|HS|  |TAMS 0x0000000081400000, 0x0000000081400000| Complete 
|  20|0x0000000081400000, 0x0000000081500000, 0x0000000081500000|100%|HS|  |TAMS 0x0000000081500000, 0x0000000081500000| Complete 
|  21|0x0000000081500000, 0x0000000081600000, 0x0000000081600000|100%| O|  |TAMS 0x0000000081600000, 0x0000000081600000| Untracked 
|  22|0x0000000081600000, 0x0000000081700000, 0x0000000081700000|100%| O|  |TAMS 0x0000000081700000, 0x0000000081700000| Untracked 
|  23|0x0000000081700000, 0x0000000081800000, 0x0000000081800000|100%| O|  |TAMS 0x0000000081800000, 0x0000000081800000| Untracked 
|  24|0x0000000081800000, 0x0000000081900000, 0x0000000081900000|100%| O|  |TAMS 0x0000000081900000, 0x0000000081900000| Untracked 
|  25|0x0000000081900000, 0x0000000081a00000, 0x0000000081a00000|100%| O|  |TAMS 0x0000000081a00000, 0x0000000081a00000| Untracked 
|  26|0x0000000081a00000, 0x0000000081b00000, 0x0000000081b00000|100%| O|  |TAMS 0x0000000081b00000, 0x0000000081b00000| Untracked 
|  27|0x0000000081b00000, 0x0000000081c00000, 0x0000000081c00000|100%| O|  |TAMS 0x0000000081c00000, 0x0000000081c00000| Untracked 
|  28|0x0000000081c00000, 0x0000000081d00000, 0x0000000081d00000|100%| O|  |TAMS 0x0000000081d00000, 0x0000000081d00000| Untracked 
|  29|0x0000000081d00000, 0x0000000081e00000, 0x0000000081e00000|100%| O|  |TAMS 0x0000000081e00000, 0x0000000081e00000| Untracked 
|  30|0x0000000081e00000, 0x0000000081f00000, 0x0000000081f00000|100%| O|  |TAMS 0x0000000081f00000, 0x0000000081f00000| Untracked 
|  31|0x0000000081f00000, 0x0000000082000000, 0x0000000082000000|100%| O|  |TAMS 0x0000000082000000, 0x0000000082000000| Untracked 
|  32|0x0000000082000000, 0x0000000082100000, 0x0000000082100000|100%| O|  |TAMS 0x0000000082100000, 0x0000000082100000| Untracked 
|  33|0x0000000082100000, 0x0000000082200000, 0x0000000082200000|100%| O|  |TAMS 0x0000000082200000, 0x0000000082200000| Untracked 
|  34|0x0000000082200000, 0x0000000082300000, 0x0000000082300000|100%| O|  |TAMS 0x0000000082300000, 0x0000000082300000| Untracked 
|  35|0x0000000082300000, 0x0000000082400000, 0x0000000082400000|100%| O|  |TAMS 0x0000000082400000, 0x0000000082400000| Untracked 
|  36|0x0000000082400000, 0x0000000082500000, 0x0000000082500000|100%| O|  |TAMS 0x0000000082500000, 0x0000000082500000| Untracked 
|  37|0x0000000082500000, 0x0000000082600000, 0x0000000082600000|100%| O|  |TAMS 0x0000000082600000, 0x0000000082600000| Untracked 
|  38|0x0000000082600000, 0x0000000082700000, 0x0000000082700000|100%| O|  |TAMS 0x0000000082700000, 0x0000000082700000| Untracked 
|  39|0x0000000082700000, 0x0000000082800000, 0x0000000082800000|100%| O|  |TAMS 0x0000000082800000, 0x0000000082800000| Untracked 
|  40|0x0000000082800000, 0x0000000082900000, 0x0000000082900000|100%| O|  |TAMS 0x0000000082900000, 0x0000000082900000| Untracked 
|  41|0x0000000082900000, 0x0000000082a00000, 0x0000000082a00000|100%| O|  |TAMS 0x0000000082a00000, 0x0000000082a00000| Untracked 
|  42|0x0000000082a00000, 0x0000000082b00000, 0x0000000082b00000|100%| O|  |TAMS 0x0000000082b00000, 0x0000000082b00000| Untracked 
|  43|0x0000000082b00000, 0x0000000082c00000, 0x0000000082c00000|100%| O|  |TAMS 0x0000000082c00000, 0x0000000082c00000| Untracked 
|  44|0x0000000082c00000, 0x0000000082d00000, 0x0000000082d00000|100%| O|  |TAMS 0x0000000082d00000, 0x0000000082d00000| Untracked 
|  45|0x0000000082d00000, 0x0000000082e00000, 0x0000000082e00000|100%| O|  |TAMS 0x0000000082e00000, 0x0000000082e00000| Untracked 
|  46|0x0000000082e00000, 0x0000000082f00000, 0x0000000082f00000|100%| O|  |TAMS 0x0000000082f00000, 0x0000000082f00000| Untracked 
|  47|0x0000000082f00000, 0x0000000083000000, 0x0000000083000000|100%| O|  |TAMS 0x0000000083000000, 0x0000000083000000| Untracked 
|  48|0x0000000083000000, 0x0000000083100000, 0x0000000083100000|100%| O|  |TAMS 0x0000000083100000, 0x0000000083100000| Untracked 
|  49|0x0000000083100000, 0x0000000083200000, 0x0000000083200000|100%| O|  |TAMS 0x0000000083200000, 0x0000000083200000| Untracked 
|  50|0x0000000083200000, 0x0000000083300000, 0x0000000083300000|100%| O|  |TAMS 0x0000000083300000, 0x0000000083300000| Untracked 
|  51|0x0000000083300000, 0x0000000083400000, 0x0000000083400000|100%| O|  |TAMS 0x0000000083400000, 0x0000000083400000| Untracked 
|  52|0x0000000083400000, 0x0000000083500000, 0x0000000083500000|100%| O|  |TAMS 0x0000000083500000, 0x0000000083500000| Untracked 
|  53|0x0000000083500000, 0x0000000083600000, 0x0000000083600000|100%| O|  |TAMS 0x0000000083600000, 0x0000000083600000| Untracked 
|  54|0x0000000083600000, 0x0000000083700000, 0x0000000083700000|100%| O|  |TAMS 0x0000000083700000, 0x0000000083700000| Untracked 
|  55|0x0000000083700000, 0x0000000083800000, 0x0000000083800000|100%| O|  |TAMS 0x0000000083800000, 0x0000000083800000| Untracked 
|  56|0x0000000083800000, 0x0000000083900000, 0x0000000083900000|100%| O|  |TAMS 0x0000000083900000, 0x0000000083900000| Untracked 
|  57|0x0000000083900000, 0x0000000083a00000, 0x0000000083a00000|100%| O|  |TAMS 0x0000000083a00000, 0x0000000083a00000| Untracked 
|  58|0x0000000083a00000, 0x0000000083b00000, 0x0000000083b00000|100%| O|  |TAMS 0x0000000083b00000, 0x0000000083b00000| Untracked 
|  59|0x0000000083b00000, 0x0000000083c00000, 0x0000000083c00000|100%| O|  |TAMS 0x0000000083c00000, 0x0000000083c00000| Untracked 
|  60|0x0000000083c00000, 0x0000000083d00000, 0x0000000083d00000|100%| O|  |TAMS 0x0000000083d00000, 0x0000000083d00000| Untracked 
|  61|0x0000000083d00000, 0x0000000083e00000, 0x0000000083e00000|100%| O|  |TAMS 0x0000000083e00000, 0x0000000083e00000| Untracked 
|  62|0x0000000083e00000, 0x0000000083f00000, 0x0000000083f00000|100%| O|  |TAMS 0x0000000083f00000, 0x0000000083f00000| Untracked 
|  63|0x0000000083f00000, 0x0000000084000000, 0x0000000084000000|100%| O|  |TAMS 0x0000000084000000, 0x0000000084000000| Untracked 
|  64|0x0000000084000000, 0x0000000084100000, 0x0000000084100000|100%| O|  |TAMS 0x0000000084100000, 0x0000000084100000| Untracked 
|  65|0x0000000084100000, 0x0000000084200000, 0x0000000084200000|100%| O|  |TAMS 0x0000000084200000, 0x0000000084200000| Untracked 
|  66|0x0000000084200000, 0x0000000084300000, 0x0000000084300000|100%| O|  |TAMS 0x0000000084300000, 0x0000000084300000| Untracked 
|  67|0x0000000084300000, 0x0000000084400000, 0x0000000084400000|100%| O|  |TAMS 0x0000000084400000, 0x0000000084400000| Untracked 
|  68|0x0000000084400000, 0x0000000084500000, 0x0000000084500000|100%| O|  |TAMS 0x0000000084500000, 0x0000000084500000| Untracked 
|  69|0x0000000084500000, 0x0000000084600000, 0x0000000084600000|100%| O|  |TAMS 0x0000000084600000, 0x0000000084600000| Untracked 
|  70|0x0000000084600000, 0x0000000084700000, 0x0000000084700000|100%| O|  |TAMS 0x0000000084700000, 0x0000000084700000| Untracked 
|  71|0x0000000084700000, 0x0000000084800000, 0x0000000084800000|100%| O|  |TAMS 0x0000000084800000, 0x0000000084800000| Untracked 
|  72|0x0000000084800000, 0x0000000084900000, 0x0000000084900000|100%| O|  |TAMS 0x0000000084900000, 0x0000000084900000| Untracked 
|  73|0x0000000084900000, 0x0000000084a00000, 0x0000000084a00000|100%| O|  |TAMS 0x0000000084a00000, 0x0000000084a00000| Untracked 
|  74|0x0000000084a00000, 0x0000000084b00000, 0x0000000084b00000|100%| O|  |TAMS 0x0000000084b00000, 0x0000000084b00000| Untracked 
|  75|0x0000000084b00000, 0x0000000084c00000, 0x0000000084c00000|100%| O|  |TAMS 0x0000000084c00000, 0x0000000084c00000| Untracked 
|  76|0x0000000084c00000, 0x0000000084d00000, 0x0000000084d00000|100%| O|  |TAMS 0x0000000084d00000, 0x0000000084d00000| Untracked 
|  77|0x0000000084d00000, 0x0000000084e00000, 0x0000000084e00000|100%| O|  |TAMS 0x0000000084e00000, 0x0000000084e00000| Untracked 
|  78|0x0000000084e00000, 0x0000000084f00000, 0x0000000084f00000|100%| O|  |TAMS 0x0000000084f00000, 0x0000000084f00000| Untracked 
|  79|0x0000000084f00000, 0x0000000085000000, 0x0000000085000000|100%| O|  |TAMS 0x0000000085000000, 0x0000000085000000| Untracked 
|  80|0x0000000085000000, 0x0000000085100000, 0x0000000085100000|100%| O|  |TAMS 0x0000000085100000, 0x0000000085100000| Untracked 
|  81|0x0000000085100000, 0x0000000085200000, 0x0000000085200000|100%| O|  |TAMS 0x0000000085200000, 0x0000000085200000| Untracked 
|  82|0x0000000085200000, 0x0000000085300000, 0x0000000085300000|100%| O|  |TAMS 0x0000000085300000, 0x0000000085300000| Untracked 
|  83|0x0000000085300000, 0x0000000085400000, 0x0000000085400000|100%| O|  |TAMS 0x0000000085400000, 0x0000000085400000| Untracked 
|  84|0x0000000085400000, 0x0000000085500000, 0x0000000085500000|100%| O|  |TAMS 0x0000000085500000, 0x0000000085500000| Untracked 
|  85|0x0000000085500000, 0x0000000085600000, 0x0000000085600000|100%| O|  |TAMS 0x0000000085600000, 0x0000000085600000| Untracked 
|  86|0x0000000085600000, 0x0000000085700000, 0x0000000085700000|100%| O|  |TAMS 0x0000000085700000, 0x0000000085700000| Untracked 
|  87|0x0000000085700000, 0x0000000085800000, 0x0000000085800000|100%| O|  |TAMS 0x0000000085800000, 0x0000000085800000| Untracked 
|  88|0x0000000085800000, 0x0000000085900000, 0x0000000085900000|100%| O|  |TAMS 0x0000000085900000, 0x0000000085900000| Untracked 
|  89|0x0000000085900000, 0x0000000085a00000, 0x0000000085a00000|100%| O|  |TAMS 0x0000000085a00000, 0x0000000085a00000| Untracked 
|  90|0x0000000085a00000, 0x0000000085b00000, 0x0000000085b00000|100%| O|  |TAMS 0x0000000085b00000, 0x0000000085b00000| Untracked 
|  91|0x0000000085b00000, 0x0000000085c00000, 0x0000000085c00000|100%| O|  |TAMS 0x0000000085c00000, 0x0000000085c00000| Untracked 
|  92|0x0000000085c00000, 0x0000000085d00000, 0x0000000085d00000|100%| O|  |TAMS 0x0000000085d00000, 0x0000000085d00000| Untracked 
|  93|0x0000000085d00000, 0x0000000085e00000, 0x0000000085e00000|100%|HS|  |TAMS 0x0000000085e00000, 0x0000000085e00000| Complete 
|  94|0x0000000085e00000, 0x0000000085f00000, 0x0000000085f00000|100%|HC|  |TAMS 0x0000000085f00000, 0x0000000085f00000| Complete 
|  95|0x0000000085f00000, 0x0000000086000000, 0x0000000086000000|100%|HS|  |TAMS 0x0000000086000000, 0x0000000086000000| Complete 
|  96|0x0000000086000000, 0x0000000086100000, 0x0000000086100000|100%|HS|  |TAMS 0x0000000086100000, 0x0000000086100000| Complete 
|  97|0x0000000086100000, 0x0000000086200000, 0x0000000086200000|100%|HS|  |TAMS 0x0000000086200000, 0x0000000086200000| Complete 
|  98|0x0000000086200000, 0x0000000086300000, 0x0000000086300000|100%|HC|  |TAMS 0x0000000086300000, 0x0000000086300000| Complete 
|  99|0x0000000086300000, 0x0000000086400000, 0x0000000086400000|100%|HS|  |TAMS 0x0000000086400000, 0x0000000086400000| Complete 
| 100|0x0000000086400000, 0x0000000086500000, 0x0000000086500000|100%|HS|  |TAMS 0x0000000086500000, 0x0000000086500000| Complete 
| 101|0x0000000086500000, 0x0000000086600000, 0x0000000086600000|100%|HC|  |TAMS 0x0000000086600000, 0x0000000086600000| Complete 
| 102|0x0000000086600000, 0x0000000086700000, 0x0000000086700000|100%| O|  |TAMS 0x0000000086700000, 0x0000000086700000| Untracked 
| 103|0x0000000086700000, 0x0000000086800000, 0x0000000086800000|100%| O|  |TAMS 0x0000000086800000, 0x0000000086800000| Untracked 
| 104|0x0000000086800000, 0x0000000086900000, 0x0000000086900000|100%|HS|  |TAMS 0x0000000086900000, 0x0000000086900000| Complete 
| 105|0x0000000086900000, 0x0000000086a00000, 0x0000000086a00000|100%|HC|  |TAMS 0x0000000086a00000, 0x0000000086a00000| Complete 
| 106|0x0000000086a00000, 0x0000000086b00000, 0x0000000086b00000|100%|HS|  |TAMS 0x0000000086b00000, 0x0000000086b00000| Complete 
| 107|0x0000000086b00000, 0x0000000086c00000, 0x0000000086c00000|100%|HC|  |TAMS 0x0000000086c00000, 0x0000000086c00000| Complete 
| 108|0x0000000086c00000, 0x0000000086d00000, 0x0000000086d00000|100%|HC|  |TAMS 0x0000000086d00000, 0x0000000086d00000| Complete 
| 109|0x0000000086d00000, 0x0000000086e00000, 0x0000000086e00000|100%|HS|  |TAMS 0x0000000086e00000, 0x0000000086e00000| Complete 
| 110|0x0000000086e00000, 0x0000000086f00000, 0x0000000086f00000|100%|HS|  |TAMS 0x0000000086f00000, 0x0000000086f00000| Complete 
| 111|0x0000000086f00000, 0x0000000087000000, 0x0000000087000000|100%|HC|  |TAMS 0x0000000087000000, 0x0000000087000000| Complete 
| 112|0x0000000087000000, 0x0000000087100000, 0x0000000087100000|100%|HC|  |TAMS 0x0000000087100000, 0x0000000087100000| Complete 
| 113|0x0000000087100000, 0x0000000087200000, 0x0000000087200000|100%| O|  |TAMS 0x0000000087200000, 0x0000000087200000| Untracked 
| 114|0x0000000087200000, 0x0000000087300000, 0x0000000087300000|100%| O|  |TAMS 0x0000000087300000, 0x0000000087300000| Untracked 
| 115|0x0000000087300000, 0x0000000087400000, 0x0000000087400000|100%| O|  |TAMS 0x0000000087400000, 0x0000000087400000| Untracked 
| 116|0x0000000087400000, 0x0000000087500000, 0x0000000087500000|100%| O|  |TAMS 0x0000000087500000, 0x0000000087500000| Untracked 
| 117|0x0000000087500000, 0x0000000087600000, 0x0000000087600000|100%| O|  |TAMS 0x0000000087600000, 0x0000000087600000| Untracked 
| 118|0x0000000087600000, 0x0000000087700000, 0x0000000087700000|100%| O|  |TAMS 0x0000000087700000, 0x0000000087700000| Untracked 
| 119|0x0000000087700000, 0x0000000087800000, 0x0000000087800000|100%|HS|  |TAMS 0x0000000087800000, 0x0000000087800000| Complete 
| 120|0x0000000087800000, 0x0000000087900000, 0x0000000087900000|100%|HS|  |TAMS 0x0000000087900000, 0x0000000087900000| Complete 
| 121|0x0000000087900000, 0x0000000087a00000, 0x0000000087a00000|100%| O|  |TAMS 0x0000000087a00000, 0x0000000087a00000| Untracked 
| 122|0x0000000087a00000, 0x0000000087b00000, 0x0000000087b00000|100%| O|  |TAMS 0x0000000087b00000, 0x0000000087b00000| Untracked 
| 123|0x0000000087b00000, 0x0000000087c00000, 0x0000000087c00000|100%| O|  |TAMS 0x0000000087c00000, 0x0000000087c00000| Untracked 
| 124|0x0000000087c00000, 0x0000000087d00000, 0x0000000087d00000|100%| O|  |TAMS 0x0000000087cea600, 0x0000000087d00000| Untracked 
| 125|0x0000000087d00000, 0x0000000087e00000, 0x0000000087e00000|100%| O|  |TAMS 0x0000000087d00000, 0x0000000087e00000| Untracked 
| 126|0x0000000087e00000, 0x0000000087f00000, 0x0000000087f00000|100%|HS|  |TAMS 0x0000000087e00000, 0x0000000087f00000| Complete 
| 127|0x0000000087f00000, 0x0000000088000000, 0x0000000088000000|100%| O|  |TAMS 0x0000000087f00000, 0x0000000088000000| Untracked 
| 128|0x0000000088000000, 0x0000000088100000, 0x0000000088100000|100%|HS|  |TAMS 0x0000000088000000, 0x0000000088100000| Complete 
| 129|0x0000000088100000, 0x0000000088200000, 0x0000000088200000|100%|HC|  |TAMS 0x0000000088100000, 0x0000000088200000| Complete 
| 130|0x0000000088200000, 0x0000000088300000, 0x0000000088300000|100%|HS|  |TAMS 0x0000000088200000, 0x0000000088300000| Complete 
| 131|0x0000000088300000, 0x0000000088400000, 0x0000000088400000|100%|HS|  |TAMS 0x0000000088300000, 0x0000000088400000| Complete 
| 132|0x0000000088400000, 0x0000000088500000, 0x0000000088500000|100%| O|  |TAMS 0x0000000088400000, 0x0000000088500000| Untracked 
| 133|0x0000000088500000, 0x0000000088600000, 0x0000000088600000|100%|HS|  |TAMS 0x0000000088500000, 0x0000000088600000| Complete 
| 134|0x0000000088600000, 0x0000000088700000, 0x0000000088700000|100%| O|  |TAMS 0x0000000088600000, 0x0000000088700000| Untracked 
| 135|0x0000000088700000, 0x0000000088800000, 0x0000000088800000|100%| O|  |TAMS 0x0000000088700000, 0x0000000088800000| Untracked 
| 136|0x0000000088800000, 0x0000000088900000, 0x0000000088900000|100%| O|  |TAMS 0x0000000088800000, 0x0000000088900000| Untracked 
| 137|0x0000000088900000, 0x0000000088a00000, 0x0000000088a00000|100%|HS|  |TAMS 0x0000000088900000, 0x0000000088a00000| Complete 
| 138|0x0000000088a00000, 0x0000000088b00000, 0x0000000088b00000|100%|HC|  |TAMS 0x0000000088a00000, 0x0000000088b00000| Complete 
| 139|0x0000000088b00000, 0x0000000088c00000, 0x0000000088c00000|100%| O|  |TAMS 0x0000000088b00000, 0x0000000088c00000| Untracked 
| 140|0x0000000088c00000, 0x0000000088d00000, 0x0000000088d00000|100%|HS|  |TAMS 0x0000000088c00000, 0x0000000088d00000| Complete 
| 141|0x0000000088d00000, 0x0000000088e00000, 0x0000000088e00000|100%| O|  |TAMS 0x0000000088d00000, 0x0000000088e00000| Untracked 
| 142|0x0000000088e00000, 0x0000000088f00000, 0x0000000088f00000|100%| O|  |TAMS 0x0000000088e00000, 0x0000000088f00000| Untracked 
| 143|0x0000000088f00000, 0x0000000089000000, 0x0000000089000000|100%| O|  |TAMS 0x0000000088f00000, 0x0000000088f2ee00| Untracked 
| 144|0x0000000089000000, 0x0000000089100000, 0x0000000089100000|100%|HS|  |TAMS 0x0000000089000000, 0x0000000089100000| Complete 
| 145|0x0000000089100000, 0x0000000089200000, 0x0000000089200000|100%|HC|  |TAMS 0x0000000089100000, 0x0000000089200000| Complete 
| 146|0x0000000089200000, 0x0000000089300000, 0x0000000089300000|100%| O|  |TAMS 0x0000000089200000, 0x0000000089200000| Untracked 
| 147|0x0000000089300000, 0x0000000089400000, 0x0000000089400000|100%| O|  |TAMS 0x0000000089300000, 0x0000000089300000| Untracked 
| 148|0x0000000089400000, 0x0000000089500000, 0x0000000089500000|100%| O|  |TAMS 0x0000000089400000, 0x0000000089400000| Untracked 
| 149|0x0000000089500000, 0x0000000089592c00, 0x0000000089600000| 57%| O|  |TAMS 0x0000000089500000, 0x0000000089500000| Untracked 
| 150|0x0000000089600000, 0x0000000089600000, 0x0000000089700000|  0%| F|  |TAMS 0x0000000089600000, 0x0000000089600000| Untracked 
| 151|0x0000000089700000, 0x0000000089800000, 0x0000000089800000|100%|HS|  |TAMS 0x0000000089700000, 0x0000000089800000| Complete 
| 152|0x0000000089800000, 0x0000000089900000, 0x0000000089900000|100%|HC|  |TAMS 0x0000000089800000, 0x0000000089900000| Complete 
| 153|0x0000000089900000, 0x0000000089900000, 0x0000000089a00000|  0%| F|  |TAMS 0x0000000089900000, 0x0000000089900000| Untracked 
| 154|0x0000000089a00000, 0x0000000089a00000, 0x0000000089b00000|  0%| F|  |TAMS 0x0000000089a00000, 0x0000000089a00000| Untracked 
| 155|0x0000000089b00000, 0x0000000089b00000, 0x0000000089c00000|  0%| F|  |TAMS 0x0000000089b00000, 0x0000000089b00000| Untracked 
| 156|0x0000000089c00000, 0x0000000089c00000, 0x0000000089d00000|  0%| F|  |TAMS 0x0000000089c00000, 0x0000000089c00000| Untracked 
| 157|0x0000000089d00000, 0x0000000089d00000, 0x0000000089e00000|  0%| F|  |TAMS 0x0000000089d00000, 0x0000000089d00000| Untracked 
| 158|0x0000000089e00000, 0x0000000089e00000, 0x0000000089f00000|  0%| F|  |TAMS 0x0000000089e00000, 0x0000000089e00000| Untracked 
| 159|0x0000000089f00000, 0x000000008a000000, 0x000000008a000000|100%|HS|  |TAMS 0x0000000089f00000, 0x000000008a000000| Complete 
| 160|0x000000008a000000, 0x000000008a100000, 0x000000008a100000|100%|HC|  |TAMS 0x000000008a000000, 0x000000008a100000| Complete 
| 161|0x000000008a100000, 0x000000008a200000, 0x000000008a200000|100%|HC|  |TAMS 0x000000008a100000, 0x000000008a200000| Complete 
| 162|0x000000008a200000, 0x000000008a200000, 0x000000008a300000|  0%| F|  |TAMS 0x000000008a200000, 0x000000008a200000| Untracked 
| 163|0x000000008a300000, 0x000000008a400000, 0x000000008a400000|100%|HS|  |TAMS 0x000000008a300000, 0x000000008a400000| Complete 
| 164|0x000000008a400000, 0x000000008a400000, 0x000000008a500000|  0%| F|  |TAMS 0x000000008a400000, 0x000000008a400000| Untracked 
| 165|0x000000008a500000, 0x000000008a500000, 0x000000008a600000|  0%| F|  |TAMS 0x000000008a500000, 0x000000008a500000| Untracked 
| 166|0x000000008a600000, 0x000000008a600000, 0x000000008a700000|  0%| F|  |TAMS 0x000000008a600000, 0x000000008a600000| Untracked 
| 167|0x000000008a700000, 0x000000008a700000, 0x000000008a800000|  0%| F|  |TAMS 0x000000008a700000, 0x000000008a700000| Untracked 
| 168|0x000000008a800000, 0x000000008a800000, 0x000000008a900000|  0%| F|  |TAMS 0x000000008a800000, 0x000000008a800000| Untracked 
| 169|0x000000008a900000, 0x000000008a900000, 0x000000008aa00000|  0%| F|  |TAMS 0x000000008a900000, 0x000000008a900000| Untracked 
| 170|0x000000008aa00000, 0x000000008aa00000, 0x000000008ab00000|  0%| F|  |TAMS 0x000000008aa00000, 0x000000008aa00000| Untracked 
| 171|0x000000008ab00000, 0x000000008ab00000, 0x000000008ac00000|  0%| F|  |TAMS 0x000000008ab00000, 0x000000008ab00000| Untracked 
| 172|0x000000008ac00000, 0x000000008ac00000, 0x000000008ad00000|  0%| F|  |TAMS 0x000000008ac00000, 0x000000008ac00000| Untracked 
| 173|0x000000008ad00000, 0x000000008ad00000, 0x000000008ae00000|  0%| F|  |TAMS 0x000000008ad00000, 0x000000008ad00000| Untracked 
| 174|0x000000008ae00000, 0x000000008ae00000, 0x000000008af00000|  0%| F|  |TAMS 0x000000008ae00000, 0x000000008ae00000| Untracked 
| 175|0x000000008af00000, 0x000000008af00000, 0x000000008b000000|  0%| F|  |TAMS 0x000000008af00000, 0x000000008af00000| Untracked 
| 176|0x000000008b000000, 0x000000008b000000, 0x000000008b100000|  0%| F|  |TAMS 0x000000008b000000, 0x000000008b000000| Untracked 
| 177|0x000000008b100000, 0x000000008b100000, 0x000000008b200000|  0%| F|  |TAMS 0x000000008b100000, 0x000000008b100000| Untracked 
| 178|0x000000008b200000, 0x000000008b200000, 0x000000008b300000|  0%| F|  |TAMS 0x000000008b200000, 0x000000008b200000| Untracked 
| 179|0x000000008b300000, 0x000000008b300000, 0x000000008b400000|  0%| F|  |TAMS 0x000000008b300000, 0x000000008b300000| Untracked 
| 180|0x000000008b400000, 0x000000008b500000, 0x000000008b500000|100%| S|CS|TAMS 0x000000008b400000, 0x000000008b400000| Complete 
| 181|0x000000008b500000, 0x000000008b600000, 0x000000008b600000|100%| S|CS|TAMS 0x000000008b500000, 0x000000008b500000| Complete 
| 182|0x000000008b600000, 0x000000008b600000, 0x000000008b700000|  0%| F|  |TAMS 0x000000008b600000, 0x000000008b600000| Untracked 
| 183|0x000000008b700000, 0x000000008b700000, 0x000000008b800000|  0%| F|  |TAMS 0x000000008b700000, 0x000000008b700000| Untracked 
| 184|0x000000008b800000, 0x000000008b800000, 0x000000008b900000|  0%| F|  |TAMS 0x000000008b800000, 0x000000008b800000| Untracked 
| 185|0x000000008b900000, 0x000000008b900000, 0x000000008ba00000|  0%| F|  |TAMS 0x000000008b900000, 0x000000008b900000| Untracked 
| 186|0x000000008ba00000, 0x000000008ba00000, 0x000000008bb00000|  0%| F|  |TAMS 0x000000008ba00000, 0x000000008ba00000| Untracked 
| 187|0x000000008bb00000, 0x000000008bb00000, 0x000000008bc00000|  0%| F|  |TAMS 0x000000008bb00000, 0x000000008bb00000| Untracked 
| 188|0x000000008bc00000, 0x000000008bd00000, 0x000000008bd00000|100%|HS|  |TAMS 0x000000008bc00000, 0x000000008bd00000| Complete 
| 189|0x000000008bd00000, 0x000000008be00000, 0x000000008be00000|100%|HC|  |TAMS 0x000000008bd00000, 0x000000008be00000| Complete 
| 190|0x000000008be00000, 0x000000008bf00000, 0x000000008bf00000|100%|HC|  |TAMS 0x000000008be00000, 0x000000008bf00000| Complete 
| 191|0x000000008bf00000, 0x000000008bf00000, 0x000000008c000000|  0%| F|  |TAMS 0x000000008bf00000, 0x000000008bf00000| Untracked 
| 192|0x000000008c000000, 0x000000008c000000, 0x000000008c100000|  0%| F|  |TAMS 0x000000008c000000, 0x000000008c000000| Untracked 
| 193|0x000000008c100000, 0x000000008c100000, 0x000000008c200000|  0%| F|  |TAMS 0x000000008c100000, 0x000000008c100000| Untracked 
| 194|0x000000008c200000, 0x000000008c300000, 0x000000008c300000|100%| O|  |TAMS 0x000000008c200000, 0x000000008c300000| Untracked 
| 195|0x000000008c300000, 0x000000008c400000, 0x000000008c400000|100%| O|  |TAMS 0x000000008c300000, 0x000000008c400000| Untracked 
| 196|0x000000008c400000, 0x000000008c500000, 0x000000008c500000|100%| O|  |TAMS 0x000000008c400000, 0x000000008c500000| Untracked 
| 197|0x000000008c500000, 0x000000008c600000, 0x000000008c600000|100%| O|  |TAMS 0x000000008c500000, 0x000000008c600000| Untracked 
| 198|0x000000008c600000, 0x000000008c700000, 0x000000008c700000|100%| O|  |TAMS 0x000000008c600000, 0x000000008c700000| Untracked 

Card table byte_map: [0x0000028a2fb60000,0x0000028a2ff60000] _byte_map_base: 0x0000028a2f760000

Marking Bits (Prev, Next): (CMBitMap*) 0x0000028a1c72d1d8, (CMBitMap*) 0x0000028a1c72d210
 Prev Bits: [0x0000028a30360000, 0x0000028a32360000)
 Next Bits: [0x0000028a32360000, 0x0000028a34360000)

Polling page: 0x0000028a1a6c0000

Metaspace:

Usage:
  Non-class:     81.83 MB capacity,    80.34 MB ( 98%) used,     1.18 MB (  1%) free+waste,   309.50 KB ( <1%) overhead. 
      Class:     12.98 MB capacity,    12.01 MB ( 93%) used,   849.38 KB (  6%) free+waste,   139.75 KB (  1%) overhead. 
       Both:     94.81 MB capacity,    92.36 MB ( 97%) used,     2.01 MB (  2%) free+waste,   449.25 KB ( <1%) overhead. 

Virtual space:
  Non-class space:       82.00 MB reserved,      82.00 MB (100%) committed 
      Class space:        1.00 GB reserved,      13.00 MB (  1%) committed 
             Both:        1.08 GB reserved,      95.00 MB (  9%) committed 

Chunk freelists:
   Non-Class:  45.00 KB
       Class:  20.00 KB
        Both:  65.00 KB

MaxMetaspaceSize: 17179869184.00 GB
CompressedClassSpaceSize: 1.00 GB
Initial GC threshold: 20.80 MB
Current GC threshold: 157.92 MB
CDS: off

CodeHeap 'non-profiled nmethods': size=120000Kb used=7551Kb max_used=7551Kb free=112448Kb
 bounds [0x0000028a27ce0000, 0x0000028a28440000, 0x0000028a2f210000]
CodeHeap 'profiled nmethods': size=120000Kb used=26201Kb max_used=26201Kb free=93798Kb
 bounds [0x0000028a207b0000, 0x0000028a22150000, 0x0000028a27ce0000]
CodeHeap 'non-nmethods': size=5760Kb used=2410Kb max_used=2441Kb free=3349Kb
 bounds [0x0000028a20210000, 0x0000028a20480000, 0x0000028a207b0000]
 total_blobs=13717 nmethods=12778 adapters=851
 compilation: enabled
              stopped_count=0, restarted_count=0
 full_count=0

Compilation events (20 events):
Event: 65.156 Thread 0x0000028a3795a800 13165       2       com.android.tools.r8.graph.T0::h (62 bytes)
Event: 65.156 Thread 0x0000028a3795a800 nmethod 13165 0x0000028a22142d90 code [0x0000028a22142f80, 0x0000028a221432e8]
Event: 65.160 Thread 0x0000028a3795a800 13166   !   2       java.io.StringReader::read (133 bytes)
Event: 65.161 Thread 0x0000028a3795a800 nmethod 13166 0x0000028a22143510 code [0x0000028a22143720, 0x0000028a22143ce8]
Event: 65.161 Thread 0x0000028a3795a800 13167       2       java.io.StringReader::ensureOpen (18 bytes)
Event: 65.161 Thread 0x0000028a3795a800 nmethod 13167 0x0000028a22144090 code [0x0000028a22144240, 0x0000028a221443e8]
Event: 65.194 Thread 0x0000028a3795a800 13169       2       com.android.tools.r8.internal.ao::c (41 bytes)
Event: 65.194 Thread 0x0000028a3795a800 nmethod 13169 0x0000028a22144490 code [0x0000028a22144640, 0x0000028a221447b8]
Event: 65.214 Thread 0x0000028a3795a800 13170       2       com.android.tools.r8.internal.ao::a (71 bytes)
Event: 65.215 Thread 0x0000028a3795a800 nmethod 13170 0x0000028a22144890 code [0x0000028a22144b20, 0x0000028a22145038]
Event: 65.215 Thread 0x0000028a3795a800 13171       2       com.android.tools.r8.internal.ao::b (16 bytes)
Event: 65.215 Thread 0x0000028a3795a800 nmethod 13171 0x0000028a22145390 code [0x0000028a22145580, 0x0000028a221456e8]
Event: 65.233 Thread 0x0000028a36ffc000 nmethod 13076 0x0000028a28437310 code [0x0000028a28437760, 0x0000028a2843bd68]
Event: 65.233 Thread 0x0000028a36ffc000 13082   !   4       java.util.concurrent.ConcurrentHashMap::transfer (828 bytes)
Event: 65.270 Thread 0x0000028a36ffc000 nmethod 13082 0x0000028a2843e110 code [0x0000028a2843e2e0, 0x0000028a2843f898]
Event: 65.270 Thread 0x0000028a36ffc000 13090   !   4       java.util.concurrent.ConcurrentHashMap::putVal (432 bytes)
Event: 65.274 Thread 0x0000028a3795a800 13173       2       com.android.tools.r8.internal.ny::a (160 bytes)
Event: 65.274 Thread 0x0000028a3795a800 nmethod 13173 0x0000028a22145790 code [0x0000028a22145960, 0x0000028a22145cf8]
Event: 65.276 Thread 0x0000028a3795a800 13174       2       com.android.tools.r8.graph.q0::h (62 bytes)
Event: 65.277 Thread 0x0000028a3795a800 nmethod 13174 0x0000028a22145e90 code [0x0000028a22146080, 0x0000028a22146468]

GC Heap History (20 events):
Event: 64.427 GC heap after
{Heap after GC invocations=64 (full 0):
 garbage-first heap   total 157696K, used 127948K [0x0000000080000000, 0x0000000100000000)
  region size 1024K, 2 young (2048K), 2 survivors (2048K)
 Metaspace       used 91262K, capacity 93757K, committed 94080K, reserved 1130496K
  class space    used 11835K, capacity 12818K, committed 12928K, reserved 1048576K
}
Event: 64.500 GC heap before
{Heap before GC invocations=65 (full 0):
 garbage-first heap   total 157696K, used 136140K [0x0000000080000000, 0x0000000100000000)
  region size 1024K, 11 young (11264K), 2 survivors (2048K)
 Metaspace       used 91708K, capacity 94165K, committed 94336K, reserved 1130496K
  class space    used 11895K, capacity 12890K, committed 12928K, reserved 1048576K
}
Event: 64.502 GC heap after
{Heap after GC invocations=66 (full 0):
 garbage-first heap   total 157696K, used 128247K [0x0000000080000000, 0x0000000100000000)
  region size 1024K, 1 young (1024K), 1 survivors (1024K)
 Metaspace       used 91708K, capacity 94165K, committed 94336K, reserved 1130496K
  class space    used 11895K, capacity 12890K, committed 12928K, reserved 1048576K
}
Event: 64.566 GC heap before
{Heap before GC invocations=66 (full 0):
 garbage-first heap   total 157696K, used 136439K [0x0000000080000000, 0x0000000100000000)
  region size 1024K, 9 young (9216K), 1 survivors (1024K)
 Metaspace       used 92284K, capacity 94790K, committed 94976K, reserved 1130496K
  class space    used 11979K, capacity 12971K, committed 13056K, reserved 1048576K
}
Event: 64.569 GC heap after
{Heap after GC invocations=67 (full 0):
 garbage-first heap   total 157696K, used 128223K [0x0000000080000000, 0x0000000100000000)
  region size 1024K, 1 young (1024K), 1 survivors (1024K)
 Metaspace       used 92284K, capacity 94790K, committed 94976K, reserved 1130496K
  class space    used 11979K, capacity 12971K, committed 13056K, reserved 1048576K
}
Event: 64.726 GC heap before
{Heap before GC invocations=68 (full 0):
 garbage-first heap   total 157696K, used 136415K [0x0000000080000000, 0x0000000100000000)
  region size 1024K, 10 young (10240K), 1 survivors (1024K)
 Metaspace       used 92936K, capacity 95422K, committed 95616K, reserved 1132544K
  class space    used 12078K, capacity 13076K, committed 13184K, reserved 1048576K
}
Event: 64.728 GC heap after
{Heap after GC invocations=69 (full 0):
 garbage-first heap   total 157696K, used 128597K [0x0000000080000000, 0x0000000100000000)
  region size 1024K, 1 young (1024K), 1 survivors (1024K)
 Metaspace       used 92936K, capacity 95422K, committed 95616K, reserved 1132544K
  class space    used 12078K, capacity 13076K, committed 13184K, reserved 1048576K
}
Event: 64.781 GC heap before
{Heap before GC invocations=69 (full 0):
 garbage-first heap   total 157696K, used 137813K [0x0000000080000000, 0x0000000100000000)
  region size 1024K, 10 young (10240K), 1 survivors (1024K)
 Metaspace       used 93437K, capacity 95937K, committed 96128K, reserved 1132544K
  class space    used 12145K, capacity 13141K, committed 13184K, reserved 1048576K
}
Event: 64.783 GC heap after
{Heap after GC invocations=70 (full 0):
 garbage-first heap   total 157696K, used 128687K [0x0000000080000000, 0x0000000100000000)
  region size 1024K, 1 young (1024K), 1 survivors (1024K)
 Metaspace       used 93437K, capacity 95937K, committed 96128K, reserved 1132544K
  class space    used 12145K, capacity 13141K, committed 13184K, reserved 1048576K
}
Event: 64.876 GC heap before
{Heap before GC invocations=70 (full 0):
 garbage-first heap   total 157696K, used 137903K [0x0000000080000000, 0x0000000100000000)
  region size 1024K, 10 young (10240K), 1 survivors (1024K)
 Metaspace       used 93947K, capacity 96486K, committed 96768K, reserved 1132544K
  class space    used 12207K, capacity 13218K, committed 13312K, reserved 1048576K
}
Event: 64.879 GC heap after
{Heap after GC invocations=71 (full 0):
 garbage-first heap   total 157696K, used 128733K [0x0000000080000000, 0x0000000100000000)
  region size 1024K, 1 young (1024K), 1 survivors (1024K)
 Metaspace       used 93947K, capacity 96486K, committed 96768K, reserved 1132544K
  class space    used 12207K, capacity 13218K, committed 13312K, reserved 1048576K
}
Event: 64.913 GC heap before
{Heap before GC invocations=72 (full 0):
 garbage-first heap   total 157696K, used 132829K [0x0000000080000000, 0x0000000100000000)
  region size 1024K, 6 young (6144K), 1 survivors (1024K)
 Metaspace       used 94234K, capacity 96727K, committed 97024K, reserved 1132544K
  class space    used 12259K, capacity 13258K, committed 13312K, reserved 1048576K
}
Event: 64.916 GC heap after
{Heap after GC invocations=73 (full 0):
 garbage-first heap   total 189440K, used 129295K [0x0000000080000000, 0x0000000100000000)
  region size 1024K, 2 young (2048K), 2 survivors (2048K)
 Metaspace       used 94234K, capacity 96727K, committed 97024K, reserved 1132544K
  class space    used 12259K, capacity 13258K, committed 13312K, reserved 1048576K
}
Event: 64.979 GC heap before
{Heap before GC invocations=73 (full 0):
 garbage-first heap   total 195584K, used 193807K [0x0000000080000000, 0x0000000100000000)
  region size 1024K, 20 young (20480K), 2 survivors (2048K)
 Metaspace       used 94245K, capacity 96791K, committed 97024K, reserved 1132544K
  class space    used 12259K, capacity 13258K, committed 13312K, reserved 1048576K
}
Event: 65.016 GC heap after
{Heap after GC invocations=74 (full 0):
 garbage-first heap   total 203776K, used 153950K [0x0000000080000000, 0x0000000100000000)
  region size 1024K, 3 young (3072K), 3 survivors (3072K)
 Metaspace       used 94245K, capacity 96791K, committed 97024K, reserved 1132544K
  class space    used 12259K, capacity 13258K, committed 13312K, reserved 1048576K
}
Event: 65.131 GC heap before
{Heap before GC invocations=75 (full 0):
 garbage-first heap   total 203776K, used 171358K [0x0000000080000000, 0x0000000100000000)
  region size 1024K, 17 young (17408K), 3 survivors (3072K)
 Metaspace       used 94568K, capacity 97087K, committed 97280K, reserved 1132544K
  class space    used 12302K, capacity 13292K, committed 13312K, reserved 1048576K
}
Event: 65.138 GC heap after
{Heap after GC invocations=76 (full 0):
 garbage-first heap   total 203776K, used 160728K [0x0000000080000000, 0x0000000100000000)
  region size 1024K, 3 young (3072K), 3 survivors (3072K)
 Metaspace       used 94568K, capacity 97087K, committed 97280K, reserved 1132544K
  class space    used 12302K, capacity 13292K, committed 13312K, reserved 1048576K
}
Event: 65.216 GC heap before
{Heap before GC invocations=76 (full 0):
 garbage-first heap   total 203776K, used 171992K [0x0000000080000000, 0x0000000100000000)
  region size 1024K, 14 young (14336K), 3 survivors (3072K)
 Metaspace       used 94575K, capacity 97087K, committed 97280K, reserved 1132544K
  class space    used 12302K, capacity 13292K, committed 13312K, reserved 1048576K
}
Event: 65.225 GC heap after
{Heap after GC invocations=77 (full 0):
 garbage-first heap   total 203776K, used 165051K [0x0000000080000000, 0x0000000100000000)
  region size 1024K, 2 young (2048K), 2 survivors (2048K)
 Metaspace       used 94575K, capacity 97087K, committed 97280K, reserved 1132544K
  class space    used 12302K, capacity 13292K, committed 13312K, reserved 1048576K
}
Event: 65.302 GC heap before
{Heap before GC invocations=77 (full 0):
 garbage-first heap   total 203776K, used 173243K [0x0000000080000000, 0x0000000100000000)
  region size 1024K, 11 young (11264K), 2 survivors (2048K)
 Metaspace       used 94575K, capacity 97087K, committed 97280K, reserved 1132544K
  class space    used 12302K, capacity 13292K, committed 13312K, reserved 1048576K
}

Deoptimization events (20 events):
Event: 65.295 Thread 0x0000028a3aa35800 DEOPT PACKING pc=0x0000028a20f766b8 sp=0x000000c5d0efd080
Event: 65.295 Thread 0x0000028a3aa35800 DEOPT UNPACKING pc=0x0000028a2025a95e sp=0x000000c5d0efc4f8 mode 0
Event: 65.296 Thread 0x0000028a3aa35800 DEOPT PACKING pc=0x0000028a20f766b8 sp=0x000000c5d0efd080
Event: 65.296 Thread 0x0000028a3aa35800 DEOPT UNPACKING pc=0x0000028a2025a95e sp=0x000000c5d0efc4f8 mode 0
Event: 65.298 Thread 0x0000028a3aa35800 DEOPT PACKING pc=0x0000028a20f766b8 sp=0x000000c5d0efd080
Event: 65.298 Thread 0x0000028a3aa35800 DEOPT UNPACKING pc=0x0000028a2025a95e sp=0x000000c5d0efc4f8 mode 0
Event: 65.299 Thread 0x0000028a3aa35800 DEOPT PACKING pc=0x0000028a20f766b8 sp=0x000000c5d0efd080
Event: 65.299 Thread 0x0000028a3aa35800 DEOPT UNPACKING pc=0x0000028a2025a95e sp=0x000000c5d0efc4f8 mode 0
Event: 65.299 Thread 0x0000028a3aa35800 DEOPT PACKING pc=0x0000028a20f766b8 sp=0x000000c5d0efd080
Event: 65.299 Thread 0x0000028a3aa35800 DEOPT UNPACKING pc=0x0000028a2025a95e sp=0x000000c5d0efc4f8 mode 0
Event: 65.299 Thread 0x0000028a3aa35800 DEOPT PACKING pc=0x0000028a20f766b8 sp=0x000000c5d0efd080
Event: 65.299 Thread 0x0000028a3aa35800 DEOPT UNPACKING pc=0x0000028a2025a95e sp=0x000000c5d0efc4f8 mode 0
Event: 65.300 Thread 0x0000028a3aa35800 DEOPT PACKING pc=0x0000028a20f766b8 sp=0x000000c5d0efd080
Event: 65.300 Thread 0x0000028a3aa35800 DEOPT UNPACKING pc=0x0000028a2025a95e sp=0x000000c5d0efc4f8 mode 0
Event: 65.300 Thread 0x0000028a3aa35800 DEOPT PACKING pc=0x0000028a20f766b8 sp=0x000000c5d0efd080
Event: 65.300 Thread 0x0000028a3aa35800 DEOPT UNPACKING pc=0x0000028a2025a95e sp=0x000000c5d0efc4f8 mode 0
Event: 65.300 Thread 0x0000028a3aa35800 DEOPT PACKING pc=0x0000028a20f766b8 sp=0x000000c5d0efd080
Event: 65.300 Thread 0x0000028a3aa35800 DEOPT UNPACKING pc=0x0000028a2025a95e sp=0x000000c5d0efc4f8 mode 0
Event: 65.301 Thread 0x0000028a3aa35800 DEOPT PACKING pc=0x0000028a20f766b8 sp=0x000000c5d0efd080
Event: 65.301 Thread 0x0000028a3aa35800 DEOPT UNPACKING pc=0x0000028a2025a95e sp=0x000000c5d0efc4f8 mode 0

Classes redefined (0 events):
No events

Internal exceptions (20 events):
Event: 63.175 Thread 0x0000028a3aa31000 Exception <a 'sun/nio/fs/WindowsException'{0x00000000882ab078}> (0x00000000882ab078) thrown at [src/hotspot/share/prims/jni.cpp, line 617]
Event: 63.176 Thread 0x0000028a3aa31000 Exception <a 'sun/nio/fs/WindowsException'{0x00000000882abf30}> (0x00000000882abf30) thrown at [src/hotspot/share/prims/jni.cpp, line 617]
Event: 63.176 Thread 0x0000028a3aa31000 Exception <a 'sun/nio/fs/WindowsException'{0x00000000882ac300}> (0x00000000882ac300) thrown at [src/hotspot/share/prims/jni.cpp, line 617]
Event: 63.176 Thread 0x0000028a3aa31000 Exception <a 'sun/nio/fs/WindowsException'{0x00000000882ad1a0}> (0x00000000882ad1a0) thrown at [src/hotspot/share/prims/jni.cpp, line 617]
Event: 63.176 Thread 0x0000028a3aa31000 Exception <a 'sun/nio/fs/WindowsException'{0x00000000882ad4e8}> (0x00000000882ad4e8) thrown at [src/hotspot/share/prims/jni.cpp, line 617]
Event: 63.176 Thread 0x0000028a3aa31000 Exception <a 'sun/nio/fs/WindowsException'{0x00000000882ae3a0}> (0x00000000882ae3a0) thrown at [src/hotspot/share/prims/jni.cpp, line 617]
Event: 63.176 Thread 0x0000028a3aa31000 Exception <a 'sun/nio/fs/WindowsException'{0x00000000882ae688}> (0x00000000882ae688) thrown at [src/hotspot/share/prims/jni.cpp, line 617]
Event: 63.176 Thread 0x0000028a3aa31000 Exception <a 'sun/nio/fs/WindowsException'{0x00000000882af510}> (0x00000000882af510) thrown at [src/hotspot/share/prims/jni.cpp, line 617]
Event: 63.176 Thread 0x0000028a3aa31000 Exception <a 'sun/nio/fs/WindowsException'{0x00000000882af808}> (0x00000000882af808) thrown at [src/hotspot/share/prims/jni.cpp, line 617]
Event: 63.205 Thread 0x0000028a3aa31000 Exception <a 'java/lang/NoSuchMethodError'{0x0000000087fe4848}: <clinit>> (0x0000000087fe4848) thrown at [src/hotspot/share/prims/jni.cpp, line 1367]
Event: 63.208 Thread 0x0000028a3aa31000 Exception <a 'java/lang/NoSuchMethodError'{0x0000000087e37bc0}: <clinit>> (0x0000000087e37bc0) thrown at [src/hotspot/share/prims/jni.cpp, line 1367]
Event: 63.209 Thread 0x0000028a3aa31000 Exception <a 'java/lang/NoSuchMethodError'{0x0000000087e4e1c0}: <clinit>> (0x0000000087e4e1c0) thrown at [src/hotspot/share/prims/jni.cpp, line 1367]
Event: 63.931 Thread 0x0000028a393a4800 Implicit null exception at 0x0000028a2839f5f4 to 0x0000028a2839f948
Event: 64.469 Thread 0x0000028a3aa35800 Exception <a 'sun/nio/fs/WindowsException'{0x00000000896b11c8}> (0x00000000896b11c8) thrown at [src/hotspot/share/prims/jni.cpp, line 617]
Event: 64.564 Thread 0x0000028a3aa38000 Exception <a 'java/lang/NoSuchMethodError'{0x00000000896d9698}: 'void java.lang.invoke.DirectMethodHandle$Holder.invokeStatic(java.lang.Object, long)'> (0x00000000896d9698) thrown at [src/hotspot/share/interpreter/linkResolver.cpp, line 773]
Event: 64.564 Thread 0x0000028a3aa38000 Exception <a 'java/lang/NoSuchMethodError'{0x00000000896deb58}: 'java.lang.Object java.lang.invoke.DirectMethodHandle$Holder.invokeStatic(java.lang.Object, long)'> (0x00000000896deb58) thrown at [src/hotspot/share/interpreter/linkResolver.cpp, line 773]
Event: 64.564 Thread 0x0000028a3aa38000 Exception <a 'java/lang/NoSuchMethodError'{0x00000000896e2128}: 'java.lang.Object java.lang.invoke.DirectMethodHandle$Holder.invokeSpecial(java.lang.Object, java.lang.Object, long)'> (0x00000000896e2128) thrown at [src/hotspot/share/interpreter/linkResolver.cpp, line 773]
Event: 64.570 Thread 0x0000028a3aa38000 Exception <a 'java/lang/NoSuchMethodError'{0x000000008991ff80}: 'java.lang.Object java.lang.invoke.DirectMethodHandle$Holder.invokeStaticInit(java.lang.Object, java.lang.Object, long, java.lang.Object)'> (0x000000008991ff80) thrown at [src/hotspot/share/interpreter/linkResolver.cpp, line 773]
Event: 64.612 Thread 0x0000028a3aa35800 Exception <a 'java/lang/NoSuchMethodError'{0x000000008982c5f8}: 'java.lang.Object java.lang.invoke.DirectMethodHandle$Holder.newInvokeSpecial(java.lang.Object, int)'> (0x000000008982c5f8) thrown at [src/hotspot/share/interpreter/linkResolver.cpp, line 773]
Event: 64.902 Thread 0x0000028a3aa35800 Exception <a 'java/lang/NoSuchMethodError'{0x000000008968c888}: 'java.lang.Object java.lang.invoke.DirectMethodHandle$Holder.invokeStaticInit(java.lang.Object, java.lang.Object, java.lang.Object, java.lang.Object, java.lang.Object, java.lang.Object, java.lang.Object, java.lang.Object, java.lang.Object, java.lang.Object, java.lang.Object, java.lang.Object, java.lang.Object, java.lang.Object, java.lang.Object, java.lang.Object, java.lang.Object, java.lang.Object, java.lang.Object, int, java.lang.Object, java

Events (20 events):
Event: 65.065 loading class com/android/tools/r8/internal/Zb done
Event: 65.065 loading class com/android/tools/r8/internal/OD
Event: 65.065 loading class com/android/tools/r8/internal/OD done
Event: 65.065 loading class com/android/tools/r8/internal/SD
Event: 65.066 loading class com/android/tools/r8/internal/SD done
Event: 65.066 loading class com/android/tools/r8/graph/g1
Event: 65.066 loading class com/android/tools/r8/graph/g1 done
Event: 65.066 loading class com/android/tools/r8/graph/g1
Event: 65.066 loading class com/android/tools/r8/graph/g1 done
Event: 65.066 loading class com/android/tools/r8/dex/i
Event: 65.066 loading class com/android/tools/r8/dex/i done
Event: 65.066 loading class com/android/tools/r8/graph/J
Event: 65.066 loading class com/android/tools/r8/graph/J done
Event: 65.076 Executing VM operation: CGC_Operation
Event: 65.076 Executing VM operation: CGC_Operation done
Event: 65.131 Executing VM operation: G1CollectForAllocation
Event: 65.138 Executing VM operation: G1CollectForAllocation done
Event: 65.216 Executing VM operation: G1CollectForAllocation
Event: 65.225 Executing VM operation: G1CollectForAllocation done
Event: 65.302 Executing VM operation: G1CollectForAllocation


Dynamic libraries:
0x00007ff6c2ac0000 - 0x00007ff6c2aca000 	C:\Program Files\Android\Android Studio\jbr\bin\java.exe
0x00007ffcbedf0000 - 0x00007ffcbefe8000 	C:\Windows\SYSTEM32\ntdll.dll
0x00007ffcbe690000 - 0x00007ffcbe74f000 	C:\Windows\System32\KERNEL32.DLL
0x00007ffcbc800000 - 0x00007ffcbcada000 	C:\Windows\System32\KERNELBASE.dll
0x00007ffcbc500000 - 0x00007ffcbc600000 	C:\Windows\System32\ucrtbase.dll
0x00007ffcb8010000 - 0x00007ffcb802b000 	C:\Program Files\Android\Android Studio\jbr\bin\VCRUNTIME140.dll
0x00007ffc9ebe0000 - 0x00007ffc9ebf7000 	C:\Program Files\Android\Android Studio\jbr\bin\jli.dll
0x00007ffcbd7d0000 - 0x00007ffcbd96d000 	C:\Windows\System32\USER32.dll
0x00007ffcbcd90000 - 0x00007ffcbcdb2000 	C:\Windows\System32\win32u.dll
0x00007ffcbe390000 - 0x00007ffcbe3bb000 	C:\Windows\System32\GDI32.dll
0x00007ffcac810000 - 0x00007ffcacaaa000 	C:\Windows\WinSxS\amd64_microsoft.windows.common-controls_6595b64144ccf1df_6.0.19041.1110_none_60b5254171f9507e\COMCTL32.dll
0x00007ffcbcb10000 - 0x00007ffcbcc20000 	C:\Windows\System32\gdi32full.dll
0x00007ffcbe5f0000 - 0x00007ffcbe68e000 	C:\Windows\System32\msvcrt.dll
0x00007ffcbc600000 - 0x00007ffcbc69d000 	C:\Windows\System32\msvcp_win.dll
0x00007ffcbec60000 - 0x00007ffcbec90000 	C:\Windows\System32\IMM32.DLL
0x00007ffcb8100000 - 0x00007ffcb810c000 	C:\Program Files\Android\Android Studio\jbr\bin\vcruntime140_1.dll
0x00007ffc9ba70000 - 0x00007ffc9bafd000 	C:\Program Files\Android\Android Studio\jbr\bin\msvcp140.dll
0x00007ffc5e440000 - 0x00007ffc5effc000 	C:\Program Files\Android\Android Studio\jbr\bin\server\jvm.dll
0x00007ffcbea00000 - 0x00007ffcbeaae000 	C:\Windows\System32\ADVAPI32.dll
0x00007ffcbd5a0000 - 0x00007ffcbd63c000 	C:\Windows\System32\sechost.dll
0x00007ffcbd6a0000 - 0x00007ffcbd7c6000 	C:\Windows\System32\RPCRT4.dll
0x00007ffcbe3c0000 - 0x00007ffcbe3c8000 	C:\Windows\System32\PSAPI.DLL
0x00007ffcae6a0000 - 0x00007ffcae6a9000 	C:\Windows\SYSTEM32\WSOCK32.dll
0x00007ffcb61f0000 - 0x00007ffcb61fa000 	C:\Windows\SYSTEM32\VERSION.dll
0x00007ffcb5920000 - 0x00007ffcb5947000 	C:\Windows\SYSTEM32\WINMM.dll
0x00007ffcbec90000 - 0x00007ffcbecfb000 	C:\Windows\System32\WS2_32.dll
0x00007ffcba3a0000 - 0x00007ffcba3b2000 	C:\Windows\SYSTEM32\kernel.appcore.dll
0x00007ffcb7fb0000 - 0x00007ffcb7fc0000 	C:\Program Files\Android\Android Studio\jbr\bin\verify.dll
0x00007ffcb2780000 - 0x00007ffcb2964000 	C:\Windows\SYSTEM32\DBGHELP.DLL
0x00007ffca9900000 - 0x00007ffca9934000 	C:\Windows\SYSTEM32\dbgcore.DLL
0x00007ffcbcdc0000 - 0x00007ffcbce42000 	C:\Windows\System32\bcryptPrimitives.dll
0x00007ffc9ed80000 - 0x00007ffc9eda8000 	C:\Program Files\Android\Android Studio\jbr\bin\java.dll
0x00007ffcb75b0000 - 0x00007ffcb75ba000 	C:\Program Files\Android\Android Studio\jbr\bin\jimage.dll
0x00007ffcb75a0000 - 0x00007ffcb75ae000 	C:\Program Files\Android\Android Studio\jbr\bin\instrument.dll
0x00007ffc9c1c0000 - 0x00007ffc9c1d8000 	C:\Program Files\Android\Android Studio\jbr\bin\zip.dll
0x00007ffcbce50000 - 0x00007ffcbd594000 	C:\Windows\System32\SHELL32.dll
0x00007ffcba5a0000 - 0x00007ffcbad33000 	C:\Windows\SYSTEM32\windows.storage.dll
0x00007ffcbd970000 - 0x00007ffcbdcc4000 	C:\Windows\System32\combase.dll
0x00007ffcbbe80000 - 0x00007ffcbbeae000 	C:\Windows\SYSTEM32\Wldp.dll
0x00007ffcbed00000 - 0x00007ffcbedad000 	C:\Windows\System32\SHCORE.dll
0x00007ffcbd640000 - 0x00007ffcbd695000 	C:\Windows\System32\shlwapi.dll
0x00007ffcbc440000 - 0x00007ffcbc45f000 	C:\Windows\SYSTEM32\profapi.dll
0x00007ffcb5d40000 - 0x00007ffcb5d4a000 	C:\Program Files\Android\Android Studio\jbr\bin\management.dll
0x00007ffc9ece0000 - 0x00007ffc9eceb000 	C:\Program Files\Android\Android Studio\jbr\bin\management_ext.dll
0x00007ffc9c1a0000 - 0x00007ffc9c1b9000 	C:\Program Files\Android\Android Studio\jbr\bin\net.dll
0x00007ffcb6290000 - 0x00007ffcb639a000 	C:\Windows\SYSTEM32\WINHTTP.dll
0x00007ffcbbc60000 - 0x00007ffcbbcca000 	C:\Windows\system32\mswsock.dll
0x00007ffc995f0000 - 0x00007ffc99603000 	C:\Program Files\Android\Android Studio\jbr\bin\nio.dll
0x00007ffc8e900000 - 0x00007ffc8e917000 	C:\Windows\system32\napinsp.dll
0x00007ffc8e8e0000 - 0x00007ffc8e8fb000 	C:\Windows\system32\pnrpnsp.dll
0x00007ffc93ee0000 - 0x00007ffc93ef5000 	C:\Windows\system32\wshbth.dll
0x00007ffcb7e90000 - 0x00007ffcb7ead000 	C:\Windows\system32\NLAapi.dll
0x00007ffcbb920000 - 0x00007ffcbb95c000 	C:\Windows\SYSTEM32\IPHLPAPI.DLL
0x00007ffcbb970000 - 0x00007ffcbba3b000 	C:\Windows\SYSTEM32\DNSAPI.dll
0x00007ffcbdd60000 - 0x00007ffcbdd68000 	C:\Windows\System32\NSI.dll
0x00007ffc8e8c0000 - 0x00007ffc8e8d2000 	C:\Windows\System32\winrnr.dll
0x00007ffcaeb10000 - 0x00007ffcaeb1a000 	C:\Windows\System32\rasadhlp.dll
0x00007ffcb5380000 - 0x00007ffcb5400000 	C:\Windows\System32\fwpuclnt.dll
0x00007ffcbcae0000 - 0x00007ffcbcb07000 	C:\Windows\System32\bcrypt.dll
0x00007ffc8d770000 - 0x00007ffc8d797000 	C:\Users\sutus\.gradle\native\e1d6ef7f7dcc3fd88c89a11ec53ec762bb8ba0a96d01ffa2cd45eb1d1d8dd5c5\windows-amd64\native-platform.dll
0x00007ffc9aa90000 - 0x00007ffc9abd4000 	C:\Users\sutus\.gradle\native\0d407fdbe67a94daf76414ababcb853783967236a71b16ec16e742cd7a986fd3\windows-amd64\native-platform-file-events.dll
0x00007ffcbc1c0000 - 0x00007ffcbc1d8000 	C:\Windows\SYSTEM32\CRYPTSP.dll
0x00007ffcbb4c0000 - 0x00007ffcbb4f4000 	C:\Windows\system32\rsaenh.dll
0x00007ffcbc400000 - 0x00007ffcbc42e000 	C:\Windows\SYSTEM32\USERENV.dll
0x00007ffcbbdf0000 - 0x00007ffcbbdfc000 	C:\Windows\SYSTEM32\CRYPTBASE.dll
0x00007ffcb65a0000 - 0x00007ffcb65b7000 	C:\Windows\SYSTEM32\dhcpcsvc6.DLL
0x00007ffcb70a0000 - 0x00007ffcb70bd000 	C:\Windows\SYSTEM32\dhcpcsvc.DLL

dbghelp: loaded successfully - version: 4.0.5 - missing functions: none
symbol engine: initialized successfully - sym options: 0x614 - pdb path: .;C:\Program Files\Android\Android Studio\jbr\bin;C:\Windows\SYSTEM32;C:\Windows\WinSxS\amd64_microsoft.windows.common-controls_6595b64144ccf1df_6.0.19041.1110_none_60b5254171f9507e;C:\Program Files\Android\Android Studio\jbr\bin\server;C:\Users\sutus\.gradle\native\e1d6ef7f7dcc3fd88c89a11ec53ec762bb8ba0a96d01ffa2cd45eb1d1d8dd5c5\windows-amd64;C:\Users\sutus\.gradle\native\0d407fdbe67a94daf76414ababcb853783967236a71b16ec16e742cd7a986fd3\windows-amd64

VM Arguments:
jvm_args: -javaagent:C:\Program Files\Android\Android Studio\plugins\android\resources\trace_agent.jar=C:\Users\sutus\AppData\Local\Temp\sync.trace.profile --add-opens=java.base/java.util=ALL-UNNAMED --add-opens=java.base/java.lang=ALL-UNNAMED --add-opens=java.base/java.lang.invoke=ALL-UNNAMED --add-opens=java.base/java.util=ALL-UNNAMED --add-opens=java.prefs/java.util.prefs=ALL-UNNAMED --add-opens=java.prefs/java.util.prefs=ALL-UNNAMED --add-opens=java.base/java.nio.charset=ALL-UNNAMED --add-opens=java.base/java.net=ALL-UNNAMED --add-opens=java.base/java.util.concurrent.atomic=ALL-UNNAMED -Xmx2048m -Dfile.encoding=UTF-8 -Duser.country=HU -Duser.language=hu -Duser.variant 
java_command: org.gradle.launcher.daemon.bootstrap.GradleDaemon 7.5
java_class_path (initial): C:\Users\sutus\.gradle\wrapper\dists\gradle-7.5-bin\f1w0cc9nuo0eivz97x2xlu9sv\gradle-7.5\lib\gradle-launcher-7.5.jar
Launcher Type: SUN_STANDARD

[Global flags]
     intx CICompilerCount                          = 4                                         {product} {ergonomic}
     uint ConcGCThreads                            = 3                                         {product} {ergonomic}
     uint G1ConcRefinementThreads                  = 10                                        {product} {ergonomic}
   size_t G1HeapRegionSize                         = 1048576                                   {product} {ergonomic}
    uintx GCDrainStackTargetSize                   = 64                                        {product} {ergonomic}
   size_t InitialHeapSize                          = 134217728                                 {product} {ergonomic}
   size_t MarkStackSize                            = 4194304                                   {product} {ergonomic}
   size_t MaxHeapSize                              = 2147483648                                {product} {command line}
   size_t MaxNewSize                               = 1287651328                                {product} {ergonomic}
   size_t MinHeapDeltaBytes                        = 1048576                                   {product} {ergonomic}
    uintx NonNMethodCodeHeapSize                   = 5836300                                {pd product} {ergonomic}
    uintx NonProfiledCodeHeapSize                  = 122910970                              {pd product} {ergonomic}
    uintx ProfiledCodeHeapSize                     = 122910970                              {pd product} {ergonomic}
    uintx ReservedCodeCacheSize                    = 251658240                              {pd product} {ergonomic}
     bool SegmentedCodeCache                       = true                                      {product} {ergonomic}
     bool UseCompressedClassPointers               = true                                 {lp64_product} {ergonomic}
     bool UseCompressedOops                        = true                                 {lp64_product} {ergonomic}
     bool UseG1GC                                  = true                                      {product} {ergonomic}
     bool UseLargePagesIndividualAllocation        = false                                  {pd product} {ergonomic}

Logging:
Log output configuration:
 #0: stdout all=warning uptime,level,tags
 #1: stderr all=off uptime,level,tags

Environment Variables:
PATH=C:\Program Files\Microsoft\jdk-11.0.12.7-hotspot\bin;C:\Program Files (x86)\Common Files\Oracle\Java\javapath;C:\Windows\system32;C:\Windows;C:\Windows\System32\Wbem;C:\Windows\System32\WindowsPowerShell\v1.0\;C:\Windows\System32\OpenSSH\;C:\Program Files\MATLAB\R2021b\bin;C:\Program Files\nodejs\;C:\Program Files\Docker\Docker\resources\bin;C:\ProgramData\DockerDesktop\version-bin;C:\Program Files\Git\cmd;C:\ProgramData\chocolatey\bin;C:\Program Files\PuTTY\;C:\Program Files (x86)\NVIDIA Corporation\PhysX\Common;C:\Program Files\NVIDIA Corporation\NVIDIA NvDLISR;C:\Program Files\Microsoft SQL Server\150\Tools\Binn\;C:\Program Files\dotnet\;C:\Program Files\Microsoft SQL Server\Client SDK\ODBC\170\Tools\Binn\;C:\MinGW\bin;C:\Users\sutus\AppData\Roaming\local\bin;C:\Users\sutus\AppData\Local\Programs\Python\Python310\Scripts\;C:\Users\sutus\AppData\Local\Programs\Python\Python310\;C:\Users\sutus\AppData\Local\Microsoft\WindowsApps;C:\Users\sutus\AppData\Local\Programs\Microsoft VS Code\bin;C:\Program Files\JetBrains\CLion 2021.2.3\bin;;C:\Program Files\JetBrains\IntelliJ IDEA 2021.2.3\bin;;C:\Program Files\JetBrains\PyCharm 2021.2.3\bin;;C:\Users\sutus\AppData\Roaming\npm;C:\Program Files\JetBrains\WebStorm 2021.3.2\bin;;C:\Users\sutus\AppData\Roaming\cabal\bin;C:\tools\ghc-9.2.2\bin;C:\tools\msys64;C:\apache-maven-3.8.5\bin;;C:\Program Files\JetBrains\PyCharm Community Edition 2022.2.1\bin;;C:\Users\sutus\.dotnet\tools
USERNAME=sutus
OS=Windows_NT
PROCESSOR_IDENTIFIER=AMD64 Family 23 Model 8 Stepping 2, AuthenticAMD



---------------  S Y S T E M  ---------------

OS: Windows 10 , 64 bit Build 19041 (10.0.19041.2788)
OS uptime: 1 days 5:26 hours
Hyper-V role detected

CPU:total 12 (initial active 12) (12 cores per cpu, 2 threads per core) family 23 model 8 stepping 2 microcode 0x0, cmov, cx8, fxsr, mmx, sse, sse2, sse3, ssse3, sse4.1, sse4.2, popcnt, avx, avx2, aes, clmul, mmxext, 3dnowpref, lzcnt, sse4a, ht, tsc, tscinvbit, tscinv, bmi1, bmi2, adx, sha, fma

Memory: 4k page, system-wide physical 8142M (232M free)
TotalPageFile size 32718M (AvailPageFile size 213M)
current process WorkingSet (physical memory assigned to process): 406M, peak: 428M
current process commit charge ("private bytes"): 516M, peak: 726M

vm_info: OpenJDK 64-Bit Server VM (11.0.15+0-b2043.56-9505619) for windows-amd64 JRE (11.0.15+0-b2043.56-9505619), built on Jan 19 2023 02:48:00 by "builduser" with unknown MS VC++:1929

END.
